2025-04-21 15:55:42,213 - __main__ - INFO - 开始运行模型并保存结果
2025-04-21 15:55:42,231 - __main__ - INFO - 开始转换气象数据: d:\edge\core_code\core_code\auto-soil-irrigation-wheat-main\auto-soil-irrigation-wheat-main\code\drought-soil-irrigation-wheat\data/weather/irrigation_weather.csv
2025-04-21 15:55:42,237 - __main__ - INFO - 成功读取输入文件,共244行数据
2025-04-21 15:55:42,238 - __main__ - INFO - 检测到年份-日序号(DOY)日期格式，正在转换...
2025-04-21 15:55:42,241 - __main__ - ERROR - 转换过程中出错: 输入数据缺少必要列: Precipitation, ETo
Traceback (most recent call last):
  File "<ipython-input-1-edcbfb2ea9e4>", line 120, in convert_irrigation_weather_to_aquacrop_format
    validate_input_data(weather_df)
  File "<ipython-input-1-edcbfb2ea9e4>", line 47, in validate_input_data
    raise ValueError(f"输入数据缺少必要列: {', '.join(missing_columns)}")
ValueError: 输入数据缺少必要列: Precipitation, ETo
2025-04-21 15:55:42,242 - __main__ - ERROR - 模型运行过程中出错: 输入数据缺少必要列: Precipitation, ETo
Traceback (most recent call last):
  File "<ipython-input-1-edcbfb2ea9e4>", line 542, in run_model_and_save_results
    converted_file = convert_irrigation_weather_to_aquacrop_format(input_csv_path, output_txt_path)
  File "<ipython-input-1-edcbfb2ea9e4>", line 120, in convert_irrigation_weather_to_aquacrop_format
    validate_input_data(weather_df)
  File "<ipython-input-1-edcbfb2ea9e4>", line 47, in validate_input_data
    raise ValueError(f"输入数据缺少必要列: {', '.join(missing_columns)}")
ValueError: 输入数据缺少必要列: Precipitation, ETo
2025-04-21 15:55:42,243 - __main__ - ERROR - 程序运行失败: 输入数据缺少必要列: Precipitation, ETo
Traceback (most recent call last):
  File "<ipython-input-1-edcbfb2ea9e4>", line 758, in <module>
    run_model_and_save_results()
  File "<ipython-input-1-edcbfb2ea9e4>", line 542, in run_model_and_save_results
    converted_file = convert_irrigation_weather_to_aquacrop_format(input_csv_path, output_txt_path)
  File "<ipython-input-1-edcbfb2ea9e4>", line 120, in convert_irrigation_weather_to_aquacrop_format
    validate_input_data(weather_df)
  File "<ipython-input-1-edcbfb2ea9e4>", line 47, in validate_input_data
    raise ValueError(f"输入数据缺少必要列: {', '.join(missing_columns)}")
ValueError: 输入数据缺少必要列: Precipitation, ETo
2025-04-21 16:58:36,767 - __main__ - INFO - 开始运行模型并保存结果
2025-04-21 16:58:36,785 - __main__ - INFO - 开始转换气象数据: d:\edge\core_code\core_code\auto-soil-irrigation-wheat-main\auto-soil-irrigation-wheat-main\code\drought-soil-irrigation-wheat\data/weather/irrigation_weather.csv
2025-04-21 16:58:36,791 - __main__ - INFO - 成功读取输入文件,共244行数据
2025-04-21 16:58:36,793 - __main__ - INFO - 检测到年份-日序号(DOY)日期格式，正在转换...
2025-04-21 16:58:36,796 - __main__ - ERROR - 转换过程中出错: 输入数据缺少必要列: Precipitation, ETo
Traceback (most recent call last):
  File "<ipython-input-1-edcbfb2ea9e4>", line 120, in convert_irrigation_weather_to_aquacrop_format
    validate_input_data(weather_df)
  File "<ipython-input-1-edcbfb2ea9e4>", line 47, in validate_input_data
    raise ValueError(f"输入数据缺少必要列: {', '.join(missing_columns)}")
ValueError: 输入数据缺少必要列: Precipitation, ETo
2025-04-21 16:58:36,797 - __main__ - ERROR - 模型运行过程中出错: 输入数据缺少必要列: Precipitation, ETo
Traceback (most recent call last):
  File "<ipython-input-1-edcbfb2ea9e4>", line 542, in run_model_and_save_results
    converted_file = convert_irrigation_weather_to_aquacrop_format(input_csv_path, output_txt_path)
  File "<ipython-input-1-edcbfb2ea9e4>", line 120, in convert_irrigation_weather_to_aquacrop_format
    validate_input_data(weather_df)
  File "<ipython-input-1-edcbfb2ea9e4>", line 47, in validate_input_data
    raise ValueError(f"输入数据缺少必要列: {', '.join(missing_columns)}")
ValueError: 输入数据缺少必要列: Precipitation, ETo
2025-04-21 16:58:36,798 - __main__ - ERROR - 程序运行失败: 输入数据缺少必要列: Precipitation, ETo
Traceback (most recent call last):
  File "<ipython-input-1-edcbfb2ea9e4>", line 758, in <module>
    run_model_and_save_results()
  File "<ipython-input-1-edcbfb2ea9e4>", line 542, in run_model_and_save_results
    converted_file = convert_irrigation_weather_to_aquacrop_format(input_csv_path, output_txt_path)
  File "<ipython-input-1-edcbfb2ea9e4>", line 120, in convert_irrigation_weather_to_aquacrop_format
    validate_input_data(weather_df)
  File "<ipython-input-1-edcbfb2ea9e4>", line 47, in validate_input_data
    raise ValueError(f"输入数据缺少必要列: {', '.join(missing_columns)}")
ValueError: 输入数据缺少必要列: Precipitation, ETo
2025-04-21 17:26:23,364 - __main__ - INFO - 开始运行模型并保存结果
2025-04-21 17:26:23,380 - __main__ - INFO - 使用.wth格式气象文件: d:\edge\core_code\core_code\auto-soil-irrigation-wheat-main\auto-soil-irrigation-wheat-main\code\drought-soil-irrigation-wheat\data/weather/drought_irrigation.wth
2025-04-21 17:26:23,381 - __main__ - INFO - 开始转换气象数据: d:\edge\core_code\core_code\auto-soil-irrigation-wheat-main\auto-soil-irrigation-wheat-main\code\drought-soil-irrigation-wheat\data/weather/drought_irrigation.wth
2025-04-21 17:26:23,382 - __main__ - INFO - 检测到.wth格式文件，使用WTH文件解析器
2025-04-21 17:26:23,383 - __main__ - INFO - 开始解析.wth文件: d:\edge\core_code\core_code\auto-soil-irrigation-wheat-main\auto-soil-irrigation-wheat-main\code\drought-soil-irrigation-wheat\data/weather/drought_irrigation.wth
2025-04-21 17:26:23,389 - __main__ - INFO - 成功解析.wth文件，共244行数据
2025-04-21 17:26:23,402 - __main__ - INFO - 转换完成! 文件已保存到: d:\edge\core_code\core_code\auto-soil-irrigation-wheat-main\auto-soil-irrigation-wheat-main\code\drought-soil-irrigation-wheat\src\aquacrop\data/weather/aquacrop_weather.txt
2025-04-21 17:26:23,685 - root - INFO - 成功从项目根目录导入配置
2025-04-21 17:26:24,039 - __main__ - WARNING - 获取土壤传感器数据失败，使用配置文件默认值: 'dict' object has no attribute 'IRRIGATION_CONFIG'
2025-04-21 17:26:24,040 - __main__ - INFO - 使用配置文件参数: 饱和含水量=0.4058, 田间持水量=0.287, 凋萎点=0.239
2025-04-21 17:26:24,128 - __main__ - ERROR - 模型运行过程中出错: 'IRR_END_DATE'
Traceback (most recent call last):
  File "<ipython-input-1-22bacfa2e1c8>", line 719, in run_model_and_save_results
    end=config['IRR_END_DATE'],
KeyError: 'IRR_END_DATE'
2025-04-21 17:26:24,130 - __main__ - ERROR - 程序运行失败: 'IRR_END_DATE'
Traceback (most recent call last):
  File "<ipython-input-1-22bacfa2e1c8>", line 871, in <module>
    run_model_and_save_results()
  File "<ipython-input-1-22bacfa2e1c8>", line 719, in run_model_and_save_results
    end=config['IRR_END_DATE'],
KeyError: 'IRR_END_DATE'
2025-04-21 17:27:43,032 - __main__ - INFO - 开始运行模型并保存结果
2025-04-21 17:27:43,052 - __main__ - INFO - 使用.wth格式气象文件: d:\edge\core_code\core_code\auto-soil-irrigation-wheat-main\auto-soil-irrigation-wheat-main\code\drought-soil-irrigation-wheat\data/weather/drought_irrigation.wth
2025-04-21 17:27:43,053 - __main__ - INFO - 开始转换气象数据: d:\edge\core_code\core_code\auto-soil-irrigation-wheat-main\auto-soil-irrigation-wheat-main\code\drought-soil-irrigation-wheat\data/weather/drought_irrigation.wth
2025-04-21 17:27:43,054 - __main__ - INFO - 检测到.wth格式文件，使用WTH文件解析器
2025-04-21 17:27:43,055 - __main__ - INFO - 开始解析.wth文件: d:\edge\core_code\core_code\auto-soil-irrigation-wheat-main\auto-soil-irrigation-wheat-main\code\drought-soil-irrigation-wheat\data/weather/drought_irrigation.wth
2025-04-21 17:27:43,064 - __main__ - INFO - 成功解析.wth文件，共244行数据
2025-04-21 17:27:43,078 - __main__ - INFO - 转换完成! 文件已保存到: d:\edge\core_code\core_code\auto-soil-irrigation-wheat-main\auto-soil-irrigation-wheat-main\code\drought-soil-irrigation-wheat\src\aquacrop\data/weather/aquacrop_weather.txt
2025-04-21 17:27:43,334 - root - INFO - 成功从项目根目录导入配置
2025-04-21 17:27:43,561 - __main__ - WARNING - 获取土壤传感器数据失败，使用配置文件默认值: 'dict' object has no attribute 'IRRIGATION_CONFIG'
2025-04-21 17:27:43,562 - __main__ - INFO - 使用配置文件参数: 饱和含水量=0.4058, 田间持水量=0.287, 凋萎点=0.239
2025-04-21 17:27:43,606 - __main__ - INFO - 开始运行模型仿真
2025-04-21 17:27:47,853 - __main__ - INFO - 模型仿真完成
2025-04-21 17:27:47,860 - __main__ - INFO - 预计产量: 1.42 吨/公顷
2025-04-21 17:27:48,260 - __main__ - INFO - 生育期数据已保存
2025-04-21 17:27:48,261 - __main__ - INFO - 当前处于收获后期
2025-04-21 17:27:48,262 - __main__ - INFO - 开始创建生育期可视化图表
2025-04-21 17:27:48,263 - __main__ - ERROR - 创建生育期可视化图表时出错: object of type 'NoneType' has no len()
Traceback (most recent call last):
  File "<ipython-input-1-ad1767d837f7>", line 451, in create_growth_stages_visualization
    if len(colors) < len(stages):
TypeError: object of type 'NoneType' has no len()
2025-04-21 17:27:48,264 - __main__ - ERROR - 模型运行过程中出错: object of type 'NoneType' has no len()
Traceback (most recent call last):
  File "<ipython-input-1-ad1767d837f7>", line 812, in run_model_and_save_results
    growth_stages_img_path = create_growth_stages_visualization(stage_results, current_stage, static_dir)
  File "<ipython-input-1-ad1767d837f7>", line 451, in create_growth_stages_visualization
    if len(colors) < len(stages):
TypeError: object of type 'NoneType' has no len()
2025-04-21 17:27:48,266 - __main__ - ERROR - 程序运行失败: object of type 'NoneType' has no len()
Traceback (most recent call last):
  File "<ipython-input-1-ad1767d837f7>", line 871, in <module>
    run_model_and_save_results()
  File "<ipython-input-1-ad1767d837f7>", line 812, in run_model_and_save_results
    growth_stages_img_path = create_growth_stages_visualization(stage_results, current_stage, static_dir)
  File "<ipython-input-1-ad1767d837f7>", line 451, in create_growth_stages_visualization
    if len(colors) < len(stages):
TypeError: object of type 'NoneType' has no len()
2025-04-21 17:29:34,378 - __main__ - INFO - 开始运行模型并保存结果
2025-04-21 17:29:34,395 - __main__ - INFO - 使用.wth格式气象文件: d:\edge\core_code\core_code\auto-soil-irrigation-wheat-main\auto-soil-irrigation-wheat-main\code\drought-soil-irrigation-wheat\data/weather/drought_irrigation.wth
2025-04-21 17:29:34,396 - __main__ - INFO - 开始转换气象数据: d:\edge\core_code\core_code\auto-soil-irrigation-wheat-main\auto-soil-irrigation-wheat-main\code\drought-soil-irrigation-wheat\data/weather/drought_irrigation.wth
2025-04-21 17:29:34,397 - __main__ - INFO - 检测到.wth格式文件，使用WTH文件解析器
2025-04-21 17:29:34,398 - __main__ - INFO - 开始解析.wth文件: d:\edge\core_code\core_code\auto-soil-irrigation-wheat-main\auto-soil-irrigation-wheat-main\code\drought-soil-irrigation-wheat\data/weather/drought_irrigation.wth
2025-04-21 17:29:34,405 - __main__ - INFO - 成功解析.wth文件，共244行数据
2025-04-21 17:29:34,417 - __main__ - INFO - 转换完成! 文件已保存到: d:\edge\core_code\core_code\auto-soil-irrigation-wheat-main\auto-soil-irrigation-wheat-main\code\drought-soil-irrigation-wheat\src\aquacrop\data/weather/aquacrop_weather.txt
2025-04-21 17:29:34,639 - root - INFO - 成功从项目根目录导入配置
2025-04-21 17:29:34,908 - __main__ - WARNING - 获取土壤传感器数据失败，使用配置文件默认值: 'dict' object has no attribute 'IRRIGATION_CONFIG'
2025-04-21 17:29:34,909 - __main__ - INFO - 使用配置文件参数: 饱和含水量=0.4058, 田间持水量=0.287, 凋萎点=0.239
2025-04-21 17:29:34,949 - __main__ - INFO - 开始运行模型仿真
2025-04-21 17:29:37,831 - __main__ - INFO - 模型仿真完成
2025-04-21 17:29:37,838 - __main__ - INFO - 预计产量: 1.42 吨/公顷
2025-04-21 17:29:38,151 - __main__ - INFO - 生育期数据已保存
2025-04-21 17:29:38,152 - __main__ - INFO - 当前处于收获后期
2025-04-21 17:29:38,153 - __main__ - INFO - 开始创建生育期可视化图表
2025-04-21 17:29:38,155 - __main__ - ERROR - 创建生育期可视化图表时出错: type object 'ModelConfig' has no attribute 'CHART_COLORS'
Traceback (most recent call last):
  File "<ipython-input-1-0b6edb543cf7>", line 451, in create_growth_stages_visualization
    colors = ModelConfig.CHART_COLORS if ModelConfig.CHART_COLORS is not None else default_colors
AttributeError: type object 'ModelConfig' has no attribute 'CHART_COLORS'
2025-04-21 17:29:38,157 - __main__ - ERROR - 模型运行过程中出错: type object 'ModelConfig' has no attribute 'CHART_COLORS'
Traceback (most recent call last):
  File "<ipython-input-1-0b6edb543cf7>", line 814, in run_model_and_save_results
    growth_stages_img_path = create_growth_stages_visualization(stage_results, current_stage, static_dir)
  File "<ipython-input-1-0b6edb543cf7>", line 451, in create_growth_stages_visualization
    colors = ModelConfig.CHART_COLORS if ModelConfig.CHART_COLORS is not None else default_colors
AttributeError: type object 'ModelConfig' has no attribute 'CHART_COLORS'
2025-04-21 17:29:38,159 - __main__ - ERROR - 程序运行失败: type object 'ModelConfig' has no attribute 'CHART_COLORS'
Traceback (most recent call last):
  File "<ipython-input-1-0b6edb543cf7>", line 873, in <module>
    run_model_and_save_results()
  File "<ipython-input-1-0b6edb543cf7>", line 814, in run_model_and_save_results
    growth_stages_img_path = create_growth_stages_visualization(stage_results, current_stage, static_dir)
  File "<ipython-input-1-0b6edb543cf7>", line 451, in create_growth_stages_visualization
    colors = ModelConfig.CHART_COLORS if ModelConfig.CHART_COLORS is not None else default_colors
AttributeError: type object 'ModelConfig' has no attribute 'CHART_COLORS'
2025-04-21 17:41:43,506 - __main__ - INFO - 开始运行模型并保存结果
2025-04-21 17:41:43,522 - __main__ - INFO - 使用.wth格式气象文件: d:\edge\core_code\core_code\auto-soil-irrigation-wheat-main\auto-soil-irrigation-wheat-main\code\drought-soil-irrigation-wheat\data/weather/drought_irrigation.wth
2025-04-21 17:41:43,523 - __main__ - INFO - 开始转换气象数据: d:\edge\core_code\core_code\auto-soil-irrigation-wheat-main\auto-soil-irrigation-wheat-main\code\drought-soil-irrigation-wheat\data/weather/drought_irrigation.wth
2025-04-21 17:41:43,524 - __main__ - INFO - 检测到.wth格式文件，使用WTH文件解析器
2025-04-21 17:41:43,525 - __main__ - INFO - 开始解析.wth文件: d:\edge\core_code\core_code\auto-soil-irrigation-wheat-main\auto-soil-irrigation-wheat-main\code\drought-soil-irrigation-wheat\data/weather/drought_irrigation.wth
2025-04-21 17:41:43,531 - __main__ - INFO - 成功解析.wth文件，共244行数据
2025-04-21 17:41:43,543 - __main__ - INFO - 转换完成! 文件已保存到: d:\edge\core_code\core_code\auto-soil-irrigation-wheat-main\auto-soil-irrigation-wheat-main\code\drought-soil-irrigation-wheat\src\aquacrop\data/weather/aquacrop_weather.txt
2025-04-21 17:41:43,767 - root - INFO - 成功从项目根目录导入配置
2025-04-21 17:41:44,015 - __main__ - WARNING - 获取土壤传感器数据失败，使用配置文件默认值: 'dict' object has no attribute 'IRRIGATION_CONFIG'
2025-04-21 17:41:44,017 - __main__ - INFO - 使用配置文件参数: 饱和含水量=0.4058, 田间持水量=0.287, 凋萎点=0.239
2025-04-21 17:41:44,047 - __main__ - INFO - 开始运行模型仿真
2025-04-21 17:41:46,387 - __main__ - INFO - 模型仿真完成
2025-04-21 17:41:46,393 - __main__ - INFO - 预计产量: 1.42 吨/公顷
2025-04-21 17:41:46,658 - __main__ - INFO - 生育期数据已保存
2025-04-21 17:41:46,659 - __main__ - INFO - 当前处于收获后期
2025-04-21 17:41:46,660 - __main__ - INFO - 开始创建生育期可视化图表
2025-04-21 17:41:46,882 - __main__ - INFO - 生育期可视化图表已保存到: d:\edge\core_code\core_code\auto-soil-irrigation-wheat-main\auto-soil-irrigation-wheat-main\code\drought-soil-irrigation-wheat\src/static\images\growth_stages.png
2025-04-21 17:41:46,883 - __main__ - INFO - 模型运行和结果保存完成
2025-04-21 17:53:53,439 - __main__ - INFO - 开始运行模型并保存结果
2025-04-21 17:53:53,442 - __main__ - INFO - 使用.wth格式气象文件: d:\edge\core_code\core_code\auto-soil-irrigation-wheat-main\auto-soil-irrigation-wheat-main\code\drought-soil-irrigation-wheat\data/weather/drought_irrigation.wth
2025-04-21 17:53:53,443 - __main__ - INFO - 开始转换气象数据: d:\edge\core_code\core_code\auto-soil-irrigation-wheat-main\auto-soil-irrigation-wheat-main\code\drought-soil-irrigation-wheat\data/weather/drought_irrigation.wth
2025-04-21 17:53:53,444 - __main__ - INFO - 检测到.wth格式文件，使用WTH文件解析器
2025-04-21 17:53:53,444 - __main__ - INFO - 开始解析.wth文件: d:\edge\core_code\core_code\auto-soil-irrigation-wheat-main\auto-soil-irrigation-wheat-main\code\drought-soil-irrigation-wheat\data/weather/drought_irrigation.wth
2025-04-21 17:53:53,453 - __main__ - INFO - 成功解析.wth文件，共244行数据
2025-04-21 17:53:53,465 - __main__ - INFO - 转换完成! 文件已保存到: d:\edge\core_code\core_code\auto-soil-irrigation-wheat-main\auto-soil-irrigation-wheat-main\code\drought-soil-irrigation-wheat\src\aquacrop\data/weather/aquacrop_weather.txt
2025-04-21 17:53:53,475 - __main__ - WARNING - 获取土壤传感器数据失败，使用配置文件默认值: 'dict' object has no attribute 'IRRIGATION_CONFIG'
2025-04-21 17:53:53,475 - __main__ - INFO - 使用配置文件参数: 饱和含水量=0.4058, 田间持水量=0.287, 凋萎点=0.239
2025-04-21 17:53:53,575 - __main__ - INFO - 开始运行模型仿真
2025-04-21 17:53:53,708 - __main__ - INFO - 模型仿真完成
2025-04-21 17:53:53,716 - __main__ - INFO - 预计产量: 1.42 吨/公顷
2025-04-21 17:53:53,834 - __main__ - ERROR - 模型运行过程中出错: 'dict' object has no attribute 'DPI'
Traceback (most recent call last):
  File "<ipython-input-2-44f038076879>", line 798, in run_model_and_save_results
    plt.savefig(canopy_cover_img_path, dpi=config.DPI, bbox_inches='tight')
AttributeError: 'dict' object has no attribute 'DPI'
2025-04-21 17:53:53,835 - __main__ - ERROR - 程序运行失败: 'dict' object has no attribute 'DPI'
Traceback (most recent call last):
  File "<ipython-input-2-44f038076879>", line 889, in <module>
    run_model_and_save_results()
  File "<ipython-input-2-44f038076879>", line 798, in run_model_and_save_results
    plt.savefig(canopy_cover_img_path, dpi=config.DPI, bbox_inches='tight')
AttributeError: 'dict' object has no attribute 'DPI'
2025-04-21 17:54:13,684 - __main__ - INFO - 开始运行模型并保存结果
2025-04-21 17:54:13,700 - __main__ - INFO - 使用.wth格式气象文件: d:\edge\core_code\core_code\auto-soil-irrigation-wheat-main\auto-soil-irrigation-wheat-main\code\drought-soil-irrigation-wheat\data/weather/drought_irrigation.wth
2025-04-21 17:54:13,701 - __main__ - INFO - 开始转换气象数据: d:\edge\core_code\core_code\auto-soil-irrigation-wheat-main\auto-soil-irrigation-wheat-main\code\drought-soil-irrigation-wheat\data/weather/drought_irrigation.wth
2025-04-21 17:54:13,702 - __main__ - INFO - 检测到.wth格式文件，使用WTH文件解析器
2025-04-21 17:54:13,703 - __main__ - INFO - 开始解析.wth文件: d:\edge\core_code\core_code\auto-soil-irrigation-wheat-main\auto-soil-irrigation-wheat-main\code\drought-soil-irrigation-wheat\data/weather/drought_irrigation.wth
2025-04-21 17:54:13,709 - __main__ - INFO - 成功解析.wth文件，共244行数据
2025-04-21 17:54:13,720 - __main__ - INFO - 转换完成! 文件已保存到: d:\edge\core_code\core_code\auto-soil-irrigation-wheat-main\auto-soil-irrigation-wheat-main\code\drought-soil-irrigation-wheat\src\aquacrop\data/weather/aquacrop_weather.txt
2025-04-21 17:54:13,939 - root - INFO - 成功从项目根目录导入配置
2025-04-21 17:54:14,186 - __main__ - WARNING - 获取土壤传感器数据失败，使用配置文件默认值: 'dict' object has no attribute 'IRRIGATION_CONFIG'
2025-04-21 17:54:14,187 - __main__ - INFO - 使用配置文件参数: 饱和含水量=0.4058, 田间持水量=0.287, 凋萎点=0.239
2025-04-21 17:54:14,228 - __main__ - INFO - 开始运行模型仿真
2025-04-21 17:54:16,602 - __main__ - INFO - 模型仿真完成
2025-04-21 17:54:16,607 - __main__ - INFO - 预计产量: 1.42 吨/公顷
2025-04-21 17:54:16,700 - __main__ - ERROR - 模型运行过程中出错: 'dict' object has no attribute 'DPI'
Traceback (most recent call last):
  File "<ipython-input-1-44f038076879>", line 798, in run_model_and_save_results
    plt.savefig(canopy_cover_img_path, dpi=config.DPI, bbox_inches='tight')
AttributeError: 'dict' object has no attribute 'DPI'
2025-04-21 17:54:16,701 - __main__ - ERROR - 程序运行失败: 'dict' object has no attribute 'DPI'
Traceback (most recent call last):
  File "<ipython-input-1-44f038076879>", line 889, in <module>
    run_model_and_save_results()
  File "<ipython-input-1-44f038076879>", line 798, in run_model_and_save_results
    plt.savefig(canopy_cover_img_path, dpi=config.DPI, bbox_inches='tight')
AttributeError: 'dict' object has no attribute 'DPI'
2025-05-15 16:56:43,223 - __main__ - INFO - 开始运行模型并保存结果
2025-05-15 16:56:43,240 - __main__ - INFO - 使用.wth格式气象文件: d:\edge\core_code\core_code\auto-soil-irrigation-wheat-main\auto-soil-irrigation-wheat-main\code\drought-soil-irrigation-wheat\data/weather/drought_irrigation.wth
2025-05-15 16:56:43,241 - __main__ - INFO - 开始转换气象数据: d:\edge\core_code\core_code\auto-soil-irrigation-wheat-main\auto-soil-irrigation-wheat-main\code\drought-soil-irrigation-wheat\data/weather/drought_irrigation.wth
2025-05-15 16:56:43,242 - __main__ - INFO - 检测到.wth格式文件，使用WTH文件解析器
2025-05-15 16:56:43,243 - __main__ - INFO - 开始解析.wth文件: d:\edge\core_code\core_code\auto-soil-irrigation-wheat-main\auto-soil-irrigation-wheat-main\code\drought-soil-irrigation-wheat\data/weather/drought_irrigation.wth
2025-05-15 16:56:43,258 - __main__ - INFO - 成功解析.wth文件，共244行数据
2025-05-15 16:56:43,278 - __main__ - INFO - 转换完成! 文件已保存到: d:\edge\core_code\core_code\auto-soil-irrigation-wheat-main\auto-soil-irrigation-wheat-main\code\drought-soil-irrigation-wheat\src\aquacrop\data/weather/aquacrop_weather.txt
2025-05-15 16:56:43,652 - root - INFO - 成功从项目根目录导入配置
2025-05-15 16:56:43,935 - __main__ - WARNING - 获取土壤传感器数据失败，使用配置文件默认值: 'dict' object has no attribute 'IRRIGATION_CONFIG'
2025-05-15 16:56:43,936 - __main__ - INFO - 使用配置文件参数: 饱和含水量=0.4058, 田间持水量=0.287, 凋萎点=0.239
2025-05-15 16:56:43,975 - __main__ - INFO - 开始运行模型仿真
2025-05-15 16:56:46,698 - __main__ - INFO - 模型仿真完成
2025-05-15 16:56:46,705 - __main__ - INFO - 预计产量: 1.43 吨/公顷
2025-05-15 16:56:46,991 - __main__ - INFO - 冠层覆盖度图表文件已保存到: d:\edge\core_code\core_code\auto-soil-irrigation-wheat-main\auto-soil-irrigation-wheat-main\code\drought-soil-irrigation-wheat\src/static/images\canopy_cover.png
2025-05-15 16:56:46,992 - __main__ - INFO - 冠层覆盖度图表Web路径: images/canopy_cover.png
2025-05-15 16:56:47,007 - __main__ - INFO - 生育期数据已保存
2025-05-15 16:56:47,008 - __main__ - INFO - 当前处于收获后期
2025-05-15 16:56:47,010 - __main__ - INFO - 开始创建生育期可视化图表
2025-05-15 16:56:47,220 - __main__ - INFO - 生育期可视化图表已保存到: d:\edge\core_code\core_code\auto-soil-irrigation-wheat-main\auto-soil-irrigation-wheat-main\code\drought-soil-irrigation-wheat\src/static\images\growth_stages.png
2025-05-15 16:56:47,221 - __main__ - INFO - 模型运行和结果保存完成
2025-05-16 13:56:04,747 - __main__ - INFO - 开始运行模型并保存结果
2025-05-16 13:56:04,763 - __main__ - INFO - 使用.wth格式气象文件: d:\edge\core_code\core_code\auto-soil-irrigation-wheat-main\auto-soil-irrigation-wheat-main\code\drought-soil-irrigation-wheat\data/weather/drought_irrigation.wth
2025-05-16 13:56:04,765 - __main__ - INFO - 开始转换气象数据: d:\edge\core_code\core_code\auto-soil-irrigation-wheat-main\auto-soil-irrigation-wheat-main\code\drought-soil-irrigation-wheat\data/weather/drought_irrigation.wth
2025-05-16 13:56:04,766 - __main__ - INFO - 检测到.wth格式文件，使用WTH文件解析器
2025-05-16 13:56:04,767 - __main__ - INFO - 开始解析.wth文件: d:\edge\core_code\core_code\auto-soil-irrigation-wheat-main\auto-soil-irrigation-wheat-main\code\drought-soil-irrigation-wheat\data/weather/drought_irrigation.wth
2025-05-16 13:56:04,775 - __main__ - INFO - 成功解析.wth文件，共244行数据
2025-05-16 13:56:04,788 - __main__ - INFO - 转换完成! 文件已保存到: d:\edge\core_code\core_code\auto-soil-irrigation-wheat-main\auto-soil-irrigation-wheat-main\code\drought-soil-irrigation-wheat\src\aquacrop\data/weather/aquacrop_weather.txt
2025-05-16 13:56:04,973 - root - INFO - 成功从项目根目录导入配置
2025-05-16 13:56:05,188 - __main__ - WARNING - 获取土壤传感器数据失败，使用配置文件默认值: 'dict' object has no attribute 'IRRIGATION_CONFIG'
2025-05-16 13:56:05,189 - __main__ - INFO - 使用配置文件参数: 饱和含水量=0.4058, 田间持水量=0.287, 凋萎点=0.239
2025-05-16 13:56:05,232 - __main__ - INFO - 开始运行模型仿真
2025-05-16 13:56:07,824 - __main__ - INFO - 模型仿真完成
2025-05-16 13:56:07,830 - __main__ - INFO - 预计产量: 3.31 吨/公顷
2025-05-16 13:56:08,094 - __main__ - INFO - 冠层覆盖度图表文件已保存到: d:\edge\core_code\core_code\auto-soil-irrigation-wheat-main\auto-soil-irrigation-wheat-main\code\drought-soil-irrigation-wheat\src/static/images\canopy_cover.png
2025-05-16 13:56:08,095 - __main__ - INFO - 冠层覆盖度图表Web路径: images/canopy_cover.png
2025-05-16 13:56:08,108 - __main__ - INFO - 生育期数据已保存
2025-05-16 13:56:08,108 - __main__ - INFO - 当前处于收获后期
2025-05-16 13:56:08,111 - __main__ - INFO - 开始创建生育期可视化图表
2025-05-16 13:56:08,291 - __main__ - INFO - 生育期可视化图表已保存到: d:\edge\core_code\core_code\auto-soil-irrigation-wheat-main\auto-soil-irrigation-wheat-main\code\drought-soil-irrigation-wheat\src/static\images\growth_stages.png
2025-05-16 13:56:08,292 - __main__ - INFO - 模型运行和结果保存完成
2025-05-16 13:58:50,843 - __main__ - INFO - 开始运行模型并保存结果
2025-05-16 13:58:50,856 - __main__ - INFO - 使用.wth格式气象文件: d:\edge\core_code\core_code\auto-soil-irrigation-wheat-main\auto-soil-irrigation-wheat-main\code\drought-soil-irrigation-wheat\data/weather/drought_irrigation.wth
2025-05-16 13:58:50,857 - __main__ - INFO - 开始转换气象数据: d:\edge\core_code\core_code\auto-soil-irrigation-wheat-main\auto-soil-irrigation-wheat-main\code\drought-soil-irrigation-wheat\data/weather/drought_irrigation.wth
2025-05-16 13:58:50,858 - __main__ - INFO - 检测到.wth格式文件，使用WTH文件解析器
2025-05-16 13:58:50,859 - __main__ - INFO - 开始解析.wth文件: d:\edge\core_code\core_code\auto-soil-irrigation-wheat-main\auto-soil-irrigation-wheat-main\code\drought-soil-irrigation-wheat\data/weather/drought_irrigation.wth
2025-05-16 13:58:50,864 - __main__ - INFO - 成功解析.wth文件，共244行数据
2025-05-16 13:58:50,876 - __main__ - INFO - 转换完成! 文件已保存到: d:\edge\core_code\core_code\auto-soil-irrigation-wheat-main\auto-soil-irrigation-wheat-main\code\drought-soil-irrigation-wheat\src\aquacrop\data/weather/aquacrop_weather.txt
2025-05-16 13:58:51,029 - root - INFO - 成功从项目根目录导入配置
2025-05-16 13:58:51,203 - __main__ - WARNING - 获取土壤传感器数据失败，使用配置文件默认值: 'dict' object has no attribute 'IRRIGATION_CONFIG'
2025-05-16 13:58:51,204 - __main__ - INFO - 使用配置文件参数: 饱和含水量=0.4058, 田间持水量=0.287, 凋萎点=0.239
2025-05-16 13:58:51,232 - __main__ - INFO - 开始运行模型仿真
2025-05-16 13:58:53,468 - __main__ - INFO - 模型仿真完成
2025-05-16 13:58:53,474 - __main__ - INFO - 预计产量: 3.31 吨/公顷
2025-05-16 13:58:53,722 - __main__ - INFO - 冠层覆盖度图表文件已保存到: d:\edge\core_code\core_code\auto-soil-irrigation-wheat-main\auto-soil-irrigation-wheat-main\code\drought-soil-irrigation-wheat\src/static/images\canopy_cover.png
2025-05-16 13:58:53,722 - __main__ - INFO - 冠层覆盖度图表Web路径: images/canopy_cover.png
2025-05-16 13:58:53,736 - __main__ - INFO - 生育期数据已保存
2025-05-16 13:58:53,736 - __main__ - INFO - 当前处于收获后期
2025-05-16 13:58:53,737 - __main__ - INFO - 开始创建生育期可视化图表
2025-05-16 13:58:53,922 - __main__ - INFO - 生育期可视化图表已保存到: d:\edge\core_code\core_code\auto-soil-irrigation-wheat-main\auto-soil-irrigation-wheat-main\code\drought-soil-irrigation-wheat\src/static\images\growth_stages.png
2025-05-16 13:58:53,923 - __main__ - INFO - 模型运行和结果保存完成
2025-05-16 13:59:49,056 - __main__ - INFO - 开始运行模型并保存结果
2025-05-16 13:59:49,070 - __main__ - INFO - 使用.wth格式气象文件: d:\edge\core_code\core_code\auto-soil-irrigation-wheat-main\auto-soil-irrigation-wheat-main\code\drought-soil-irrigation-wheat\data/weather/drought_irrigation.wth
2025-05-16 13:59:49,070 - __main__ - INFO - 开始转换气象数据: d:\edge\core_code\core_code\auto-soil-irrigation-wheat-main\auto-soil-irrigation-wheat-main\code\drought-soil-irrigation-wheat\data/weather/drought_irrigation.wth
2025-05-16 13:59:49,071 - __main__ - INFO - 检测到.wth格式文件，使用WTH文件解析器
2025-05-16 13:59:49,072 - __main__ - INFO - 开始解析.wth文件: d:\edge\core_code\core_code\auto-soil-irrigation-wheat-main\auto-soil-irrigation-wheat-main\code\drought-soil-irrigation-wheat\data/weather/drought_irrigation.wth
2025-05-16 13:59:49,078 - __main__ - INFO - 成功解析.wth文件，共244行数据
2025-05-16 13:59:49,089 - __main__ - INFO - 转换完成! 文件已保存到: d:\edge\core_code\core_code\auto-soil-irrigation-wheat-main\auto-soil-irrigation-wheat-main\code\drought-soil-irrigation-wheat\src\aquacrop\data/weather/aquacrop_weather.txt
2025-05-16 13:59:49,244 - root - INFO - 成功从项目根目录导入配置
2025-05-16 13:59:49,422 - __main__ - WARNING - 获取土壤传感器数据失败，使用配置文件默认值: 'dict' object has no attribute 'IRRIGATION_CONFIG'
2025-05-16 13:59:49,423 - __main__ - INFO - 使用配置文件参数: 饱和含水量=0.4058, 田间持水量=0.287, 凋萎点=0.239
2025-05-16 13:59:49,450 - __main__ - INFO - 开始运行模型仿真
2025-05-16 13:59:51,681 - __main__ - INFO - 模型仿真完成
2025-05-16 13:59:51,686 - __main__ - INFO - 预计产量: 3.31 吨/公顷
2025-05-16 13:59:51,920 - __main__ - INFO - 冠层覆盖度图表文件已保存到: d:\edge\core_code\core_code\auto-soil-irrigation-wheat-main\auto-soil-irrigation-wheat-main\code\drought-soil-irrigation-wheat\src/static/images\canopy_cover.png
2025-05-16 13:59:51,921 - __main__ - INFO - 冠层覆盖度图表Web路径: images/canopy_cover.png
2025-05-16 13:59:51,934 - __main__ - INFO - 生育期数据已保存
2025-05-16 13:59:51,935 - __main__ - INFO - 当前处于收获后期
2025-05-16 13:59:51,936 - __main__ - INFO - 开始创建生育期可视化图表
2025-05-16 13:59:52,112 - __main__ - INFO - 生育期可视化图表已保存到: d:\edge\core_code\core_code\auto-soil-irrigation-wheat-main\auto-soil-irrigation-wheat-main\code\drought-soil-irrigation-wheat\src/static\images\growth_stages.png
2025-05-16 13:59:52,113 - __main__ - INFO - 模型运行和结果保存完成
2025-05-16 14:01:02,245 - __main__ - INFO - 开始运行模型并保存结果
2025-05-16 14:01:02,258 - __main__ - INFO - 使用.wth格式气象文件: d:\edge\core_code\core_code\auto-soil-irrigation-wheat-main\auto-soil-irrigation-wheat-main\code\drought-soil-irrigation-wheat\data/weather/drought_irrigation.wth
2025-05-16 14:01:02,260 - __main__ - INFO - 开始转换气象数据: d:\edge\core_code\core_code\auto-soil-irrigation-wheat-main\auto-soil-irrigation-wheat-main\code\drought-soil-irrigation-wheat\data/weather/drought_irrigation.wth
2025-05-16 14:01:02,261 - __main__ - INFO - 检测到.wth格式文件，使用WTH文件解析器
2025-05-16 14:01:02,262 - __main__ - INFO - 开始解析.wth文件: d:\edge\core_code\core_code\auto-soil-irrigation-wheat-main\auto-soil-irrigation-wheat-main\code\drought-soil-irrigation-wheat\data/weather/drought_irrigation.wth
2025-05-16 14:01:02,267 - __main__ - INFO - 成功解析.wth文件，共244行数据
2025-05-16 14:01:02,278 - __main__ - INFO - 转换完成! 文件已保存到: d:\edge\core_code\core_code\auto-soil-irrigation-wheat-main\auto-soil-irrigation-wheat-main\code\drought-soil-irrigation-wheat\src\aquacrop\data/weather/aquacrop_weather.txt
2025-05-16 14:01:02,431 - root - INFO - 成功从项目根目录导入配置
2025-05-16 14:01:02,599 - __main__ - WARNING - 获取土壤传感器数据失败，使用配置文件默认值: 'dict' object has no attribute 'IRRIGATION_CONFIG'
2025-05-16 14:01:02,600 - __main__ - INFO - 使用配置文件参数: 饱和含水量=0.4058, 田间持水量=0.287, 凋萎点=0.239
2025-05-16 14:01:02,626 - __main__ - INFO - 开始运行模型仿真
2025-05-16 14:01:04,986 - __main__ - INFO - 模型仿真完成
2025-05-16 14:01:04,992 - __main__ - INFO - 预计产量: 3.30 吨/公顷
2025-05-16 14:01:05,225 - __main__ - INFO - 冠层覆盖度图表文件已保存到: d:\edge\core_code\core_code\auto-soil-irrigation-wheat-main\auto-soil-irrigation-wheat-main\code\drought-soil-irrigation-wheat\src/static/images\canopy_cover.png
2025-05-16 14:01:05,225 - __main__ - INFO - 冠层覆盖度图表Web路径: images/canopy_cover.png
2025-05-16 14:01:05,237 - __main__ - INFO - 生育期数据已保存
2025-05-16 14:01:05,238 - __main__ - INFO - 当前处于收获后期
2025-05-16 14:01:05,239 - __main__ - INFO - 开始创建生育期可视化图表
2025-05-16 14:01:05,414 - __main__ - INFO - 生育期可视化图表已保存到: d:\edge\core_code\core_code\auto-soil-irrigation-wheat-main\auto-soil-irrigation-wheat-main\code\drought-soil-irrigation-wheat\src/static\images\growth_stages.png
2025-05-16 14:01:05,415 - __main__ - INFO - 模型运行和结果保存完成
2025-05-16 14:03:04,073 - __main__ - INFO - 开始运行模型并保存结果
2025-05-16 14:03:04,086 - __main__ - INFO - 使用.wth格式气象文件: d:\edge\core_code\core_code\auto-soil-irrigation-wheat-main\auto-soil-irrigation-wheat-main\code\drought-soil-irrigation-wheat\data/weather/drought_irrigation.wth
2025-05-16 14:03:04,087 - __main__ - INFO - 开始转换气象数据: d:\edge\core_code\core_code\auto-soil-irrigation-wheat-main\auto-soil-irrigation-wheat-main\code\drought-soil-irrigation-wheat\data/weather/drought_irrigation.wth
2025-05-16 14:03:04,088 - __main__ - INFO - 检测到.wth格式文件，使用WTH文件解析器
2025-05-16 14:03:04,089 - __main__ - INFO - 开始解析.wth文件: d:\edge\core_code\core_code\auto-soil-irrigation-wheat-main\auto-soil-irrigation-wheat-main\code\drought-soil-irrigation-wheat\data/weather/drought_irrigation.wth
2025-05-16 14:03:04,095 - __main__ - INFO - 成功解析.wth文件，共244行数据
2025-05-16 14:03:04,106 - __main__ - INFO - 转换完成! 文件已保存到: d:\edge\core_code\core_code\auto-soil-irrigation-wheat-main\auto-soil-irrigation-wheat-main\code\drought-soil-irrigation-wheat\src\aquacrop\data/weather/aquacrop_weather.txt
2025-05-16 14:03:04,258 - root - INFO - 成功从项目根目录导入配置
2025-05-16 14:03:04,432 - __main__ - WARNING - 获取土壤传感器数据失败，使用配置文件默认值: 'dict' object has no attribute 'IRRIGATION_CONFIG'
2025-05-16 14:03:04,433 - __main__ - INFO - 使用配置文件参数: 饱和含水量=0.4058, 田间持水量=0.287, 凋萎点=0.239
2025-05-16 14:03:04,459 - __main__ - INFO - 开始运行模型仿真
2025-05-16 14:03:06,684 - __main__ - INFO - 模型仿真完成
2025-05-16 14:03:06,691 - __main__ - INFO - 预计产量: 3.31 吨/公顷
2025-05-16 14:03:06,945 - __main__ - INFO - 冠层覆盖度图表文件已保存到: d:\edge\core_code\core_code\auto-soil-irrigation-wheat-main\auto-soil-irrigation-wheat-main\code\drought-soil-irrigation-wheat\src/static/images\canopy_cover.png
2025-05-16 14:03:06,945 - __main__ - INFO - 冠层覆盖度图表Web路径: images/canopy_cover.png
2025-05-16 14:03:06,958 - __main__ - INFO - 生育期数据已保存
2025-05-16 14:03:06,959 - __main__ - INFO - 当前处于收获后期
2025-05-16 14:03:06,960 - __main__ - INFO - 开始创建生育期可视化图表
2025-05-16 14:03:07,142 - __main__ - INFO - 生育期可视化图表已保存到: d:\edge\core_code\core_code\auto-soil-irrigation-wheat-main\auto-soil-irrigation-wheat-main\code\drought-soil-irrigation-wheat\src/static\images\growth_stages.png
2025-05-16 14:03:07,143 - __main__ - INFO - 模型运行和结果保存完成
2025-05-16 14:05:22,065 - __main__ - INFO - 开始运行模型并保存结果
2025-05-16 14:05:22,078 - __main__ - INFO - 使用.wth格式气象文件: d:\edge\core_code\core_code\auto-soil-irrigation-wheat-main\auto-soil-irrigation-wheat-main\code\drought-soil-irrigation-wheat\data/weather/drought_irrigation.wth
2025-05-16 14:05:22,079 - __main__ - INFO - 开始转换气象数据: d:\edge\core_code\core_code\auto-soil-irrigation-wheat-main\auto-soil-irrigation-wheat-main\code\drought-soil-irrigation-wheat\data/weather/drought_irrigation.wth
2025-05-16 14:05:22,080 - __main__ - INFO - 检测到.wth格式文件，使用WTH文件解析器
2025-05-16 14:05:22,081 - __main__ - INFO - 开始解析.wth文件: d:\edge\core_code\core_code\auto-soil-irrigation-wheat-main\auto-soil-irrigation-wheat-main\code\drought-soil-irrigation-wheat\data/weather/drought_irrigation.wth
2025-05-16 14:05:22,087 - __main__ - INFO - 成功解析.wth文件，共244行数据
2025-05-16 14:05:22,098 - __main__ - INFO - 转换完成! 文件已保存到: d:\edge\core_code\core_code\auto-soil-irrigation-wheat-main\auto-soil-irrigation-wheat-main\code\drought-soil-irrigation-wheat\src\aquacrop\data/weather/aquacrop_weather.txt
2025-05-16 14:05:22,250 - root - INFO - 成功从项目根目录导入配置
2025-05-16 14:05:22,454 - __main__ - WARNING - 获取土壤传感器数据失败，使用配置文件默认值: 'dict' object has no attribute 'IRRIGATION_CONFIG'
2025-05-16 14:05:22,456 - __main__ - INFO - 使用配置文件参数: 饱和含水量=0.4058, 田间持水量=0.287, 凋萎点=0.239
2025-05-16 14:05:22,479 - __main__ - INFO - 开始运行模型仿真
2025-05-16 14:05:24,698 - __main__ - INFO - 模型仿真完成
2025-05-16 14:05:24,705 - __main__ - INFO - 预计产量: 3.31 吨/公顷
2025-05-16 14:05:24,951 - __main__ - INFO - 冠层覆盖度图表文件已保存到: d:\edge\core_code\core_code\auto-soil-irrigation-wheat-main\auto-soil-irrigation-wheat-main\code\drought-soil-irrigation-wheat\src/static/images\canopy_cover.png
2025-05-16 14:05:24,952 - __main__ - INFO - 冠层覆盖度图表Web路径: images/canopy_cover.png
2025-05-16 14:05:24,968 - __main__ - INFO - 生育期数据已保存
2025-05-16 14:05:24,968 - __main__ - INFO - 当前处于收获后期
2025-05-16 14:05:24,970 - __main__ - INFO - 开始创建生育期可视化图表
2025-05-16 14:05:25,151 - __main__ - INFO - 生育期可视化图表已保存到: d:\edge\core_code\core_code\auto-soil-irrigation-wheat-main\auto-soil-irrigation-wheat-main\code\drought-soil-irrigation-wheat\src/static\images\growth_stages.png
2025-05-16 14:05:25,152 - __main__ - INFO - 模型运行和结果保存完成
2025-05-16 14:20:44,506 - __main__ - INFO - 开始运行模型并保存结果
2025-05-16 14:20:44,519 - __main__ - INFO - 使用.wth格式气象文件: d:\edge\core_code\core_code\auto-soil-irrigation-wheat-main\auto-soil-irrigation-wheat-main\code\drought-soil-irrigation-wheat\data/weather/drought_irrigation.wth
2025-05-16 14:20:44,520 - __main__ - INFO - 开始转换气象数据: d:\edge\core_code\core_code\auto-soil-irrigation-wheat-main\auto-soil-irrigation-wheat-main\code\drought-soil-irrigation-wheat\data/weather/drought_irrigation.wth
2025-05-16 14:20:44,521 - __main__ - INFO - 检测到.wth格式文件，使用WTH文件解析器
2025-05-16 14:20:44,522 - __main__ - INFO - 开始解析.wth文件: d:\edge\core_code\core_code\auto-soil-irrigation-wheat-main\auto-soil-irrigation-wheat-main\code\drought-soil-irrigation-wheat\data/weather/drought_irrigation.wth
2025-05-16 14:20:44,527 - __main__ - INFO - 成功解析.wth文件，共244行数据
2025-05-16 14:20:44,538 - __main__ - INFO - 转换完成! 文件已保存到: d:\edge\core_code\core_code\auto-soil-irrigation-wheat-main\auto-soil-irrigation-wheat-main\code\drought-soil-irrigation-wheat\src\aquacrop\data/weather/aquacrop_weather.txt
2025-05-16 14:20:44,736 - root - INFO - 成功从项目根目录导入配置
2025-05-16 14:20:44,919 - __main__ - WARNING - 获取土壤传感器数据失败，使用配置文件默认值: 'dict' object has no attribute 'IRRIGATION_CONFIG'
2025-05-16 14:20:44,921 - __main__ - INFO - 使用配置文件参数: 饱和含水量=0.4058, 田间持水量=0.287, 凋萎点=0.239
2025-05-16 14:20:44,947 - __main__ - INFO - 开始运行模型仿真
2025-05-16 14:20:47,173 - __main__ - INFO - 模型仿真完成
2025-05-16 14:20:47,179 - __main__ - INFO - 预计产量: 3.31 吨/公顷
2025-05-16 14:20:47,410 - __main__ - INFO - 冠层覆盖度图表文件已保存到: d:\edge\core_code\core_code\auto-soil-irrigation-wheat-main\auto-soil-irrigation-wheat-main\code\drought-soil-irrigation-wheat\src/static/images\canopy_cover.png
2025-05-16 14:20:47,411 - __main__ - INFO - 冠层覆盖度图表Web路径: images/canopy_cover.png
2025-05-16 14:20:47,423 - __main__ - INFO - 生育期数据已保存
2025-05-16 14:20:47,424 - __main__ - INFO - 当前处于收获后期
2025-05-16 14:20:47,425 - __main__ - INFO - 开始创建生育期可视化图表
2025-05-16 14:20:47,598 - __main__ - INFO - 生育期可视化图表已保存到: d:\edge\core_code\core_code\auto-soil-irrigation-wheat-main\auto-soil-irrigation-wheat-main\code\drought-soil-irrigation-wheat\src/static\images\growth_stages.png
2025-05-16 14:20:47,599 - __main__ - INFO - 模型运行和结果保存完成
2025-05-16 14:25:23,711 - __main__ - INFO - 开始运行模型并保存结果
2025-05-16 14:25:23,725 - __main__ - INFO - 使用.wth格式气象文件: d:\edge\core_code\core_code\auto-soil-irrigation-wheat-main\auto-soil-irrigation-wheat-main\code\drought-soil-irrigation-wheat\data/weather/drought_irrigation.wth
2025-05-16 14:25:23,726 - __main__ - INFO - 开始转换气象数据: d:\edge\core_code\core_code\auto-soil-irrigation-wheat-main\auto-soil-irrigation-wheat-main\code\drought-soil-irrigation-wheat\data/weather/drought_irrigation.wth
2025-05-16 14:25:23,727 - __main__ - INFO - 检测到.wth格式文件，使用WTH文件解析器
2025-05-16 14:25:23,728 - __main__ - INFO - 开始解析.wth文件: d:\edge\core_code\core_code\auto-soil-irrigation-wheat-main\auto-soil-irrigation-wheat-main\code\drought-soil-irrigation-wheat\data/weather/drought_irrigation.wth
2025-05-16 14:25:23,735 - __main__ - INFO - 成功解析.wth文件，共244行数据
2025-05-16 14:25:23,745 - __main__ - INFO - 转换完成! 文件已保存到: d:\edge\core_code\core_code\auto-soil-irrigation-wheat-main\auto-soil-irrigation-wheat-main\code\drought-soil-irrigation-wheat\src\aquacrop\data/weather/aquacrop_weather.txt
2025-05-16 14:25:23,901 - root - INFO - 成功从项目根目录导入配置
2025-05-16 14:25:24,076 - __main__ - WARNING - 获取土壤传感器数据失败，使用配置文件默认值: 'dict' object has no attribute 'IRRIGATION_CONFIG'
2025-05-16 14:25:24,078 - __main__ - INFO - 使用配置文件参数: 饱和含水量=0.4058, 田间持水量=0.287, 凋萎点=0.239
2025-05-16 14:25:24,104 - __main__ - INFO - 开始运行模型仿真
2025-05-16 14:25:26,421 - __main__ - INFO - 模型仿真完成
2025-05-16 14:25:26,427 - __main__ - INFO - 预计产量: 3.25 吨/公顷
2025-05-16 14:25:26,697 - __main__ - INFO - 冠层覆盖度图表文件已保存到: d:\edge\core_code\core_code\auto-soil-irrigation-wheat-main\auto-soil-irrigation-wheat-main\code\drought-soil-irrigation-wheat\src/static/images\canopy_cover.png
2025-05-16 14:25:26,698 - __main__ - INFO - 冠层覆盖度图表Web路径: images/canopy_cover.png
2025-05-16 14:25:26,711 - __main__ - INFO - 生育期数据已保存
2025-05-16 14:25:26,712 - __main__ - INFO - 当前处于收获后期
2025-05-16 14:25:26,714 - __main__ - INFO - 开始创建生育期可视化图表
2025-05-16 14:25:26,900 - __main__ - INFO - 生育期可视化图表已保存到: d:\edge\core_code\core_code\auto-soil-irrigation-wheat-main\auto-soil-irrigation-wheat-main\code\drought-soil-irrigation-wheat\src/static\images\growth_stages.png
2025-05-16 14:25:26,900 - __main__ - INFO - 模型运行和结果保存完成
2025-05-16 14:26:24,645 - __main__ - INFO - 开始运行模型并保存结果
2025-05-16 14:26:24,658 - __main__ - INFO - 使用.wth格式气象文件: d:\edge\core_code\core_code\auto-soil-irrigation-wheat-main\auto-soil-irrigation-wheat-main\code\drought-soil-irrigation-wheat\data/weather/drought_irrigation.wth
2025-05-16 14:26:24,659 - __main__ - INFO - 开始转换气象数据: d:\edge\core_code\core_code\auto-soil-irrigation-wheat-main\auto-soil-irrigation-wheat-main\code\drought-soil-irrigation-wheat\data/weather/drought_irrigation.wth
2025-05-16 14:26:24,660 - __main__ - INFO - 检测到.wth格式文件，使用WTH文件解析器
2025-05-16 14:26:24,660 - __main__ - INFO - 开始解析.wth文件: d:\edge\core_code\core_code\auto-soil-irrigation-wheat-main\auto-soil-irrigation-wheat-main\code\drought-soil-irrigation-wheat\data/weather/drought_irrigation.wth
2025-05-16 14:26:24,666 - __main__ - INFO - 成功解析.wth文件，共244行数据
2025-05-16 14:26:24,677 - __main__ - INFO - 转换完成! 文件已保存到: d:\edge\core_code\core_code\auto-soil-irrigation-wheat-main\auto-soil-irrigation-wheat-main\code\drought-soil-irrigation-wheat\src\aquacrop\data/weather/aquacrop_weather.txt
2025-05-16 14:26:24,830 - root - INFO - 成功从项目根目录导入配置
2025-05-16 14:26:25,037 - __main__ - WARNING - 获取土壤传感器数据失败，使用配置文件默认值: 'dict' object has no attribute 'IRRIGATION_CONFIG'
2025-05-16 14:26:25,039 - __main__ - INFO - 使用配置文件参数: 饱和含水量=0.4058, 田间持水量=0.287, 凋萎点=0.239
2025-05-16 14:26:25,068 - __main__ - INFO - 开始运行模型仿真
2025-05-16 14:26:27,294 - __main__ - INFO - 模型仿真完成
2025-05-16 14:26:27,301 - __main__ - INFO - 预计产量: 3.06 吨/公顷
2025-05-16 14:26:27,533 - __main__ - INFO - 冠层覆盖度图表文件已保存到: d:\edge\core_code\core_code\auto-soil-irrigation-wheat-main\auto-soil-irrigation-wheat-main\code\drought-soil-irrigation-wheat\src/static/images\canopy_cover.png
2025-05-16 14:26:27,534 - __main__ - INFO - 冠层覆盖度图表Web路径: images/canopy_cover.png
2025-05-16 14:26:27,546 - __main__ - INFO - 生育期数据已保存
2025-05-16 14:26:27,546 - __main__ - INFO - 当前处于收获后期
2025-05-16 14:26:27,548 - __main__ - INFO - 开始创建生育期可视化图表
2025-05-16 14:26:27,741 - __main__ - INFO - 生育期可视化图表已保存到: d:\edge\core_code\core_code\auto-soil-irrigation-wheat-main\auto-soil-irrigation-wheat-main\code\drought-soil-irrigation-wheat\src/static\images\growth_stages.png
2025-05-16 14:26:27,741 - __main__ - INFO - 模型运行和结果保存完成
