2025-03-12 10:41:10.688 | INFO     | src.models.weather:savefile:47 - 天气数据已保存到: d:\edge\core_code\core_code\auto-soil-irrigation-wheat-main\auto-soil-irrigation-wheat-main\code\drought-soil-irrigation-wheat\src\models\../../data/weather/drought_irrigation.wth
2025-03-12 10:41:10.693 | INFO     | src.models.soil:customload:41 - 已加载土壤数据: 7行
2025-03-12 10:41:10.695 | INFO     | src.models.soil:savefile:52 - 土壤数据已保存到: d:\edge\core_code\core_code\auto-soil-irrigation-wheat-main\auto-soil-irrigation-wheat-main\code\drought-soil-irrigation-wheat\src\models\../../data/soil/drought_irrigation.sol
2025-03-12 10:41:10.698 | ERROR    | __main__:run_model:61 - 运行FAO模型时出错: 'SoilProfile' object has no attribute 'sdata'
2025-03-12 10:55:39.853 | INFO     | src.models.weather:savefile:47 - 天气数据已保存到: d:\edge\core_code\core_code\auto-soil-irrigation-wheat-main\auto-soil-irrigation-wheat-main\code\drought-soil-irrigation-wheat\src\models\../../data/weather/drought_irrigation.wth
2025-03-12 10:55:39.857 | INFO     | src.models.soil:customload:29 - 已加载土壤数据: 7行
2025-03-12 10:55:39.858 | ERROR    | src.models.soil:savefile:62 - 保存土壤数据失败: name 'datetime' is not defined
2025-03-12 10:55:39.858 | ERROR    | __main__:run_model:61 - 运行FAO模型时出错: name 'datetime' is not defined
2025-03-12 10:56:47.433 | INFO     | src.models.weather:savefile:47 - 天气数据已保存到: d:\edge\core_code\core_code\auto-soil-irrigation-wheat-main\auto-soil-irrigation-wheat-main\code\drought-soil-irrigation-wheat\src\models\../../data/weather/drought_irrigation.wth
2025-03-12 10:56:47.437 | INFO     | src.models.soil:customload:30 - 已加载土壤数据: 7行
2025-03-12 10:56:47.439 | INFO     | src.models.soil:savefile:58 - 土壤数据已保存到: d:\edge\core_code\core_code\auto-soil-irrigation-wheat-main\auto-soil-irrigation-wheat-main\code\drought-soil-irrigation-wheat\src\models\../../data/soil/drought_irrigation.sol
2025-03-12 10:56:47.446 | ERROR    | __main__:run_model:62 - 运行FAO模型时出错: 'WeatherET' object has no attribute 'wndht'
2025-03-12 10:58:29.278 | ERROR    | src.models.weather:savefile:72 - 保存天气数据失败: Unknown format code 'f' for object of type 'str'
2025-03-12 10:58:29.279 | ERROR    | __main__:run_model:62 - 运行FAO模型时出错: Unknown format code 'f' for object of type 'str'
2025-03-12 11:29:48.433 | ERROR    | src.models.weather:savefile:78 - 保存天气数据失败: Unknown format code 'f' for object of type 'str'
2025-03-12 11:29:48.434 | ERROR    | __main__:run_model:62 - 运行FAO模型时出错: Unknown format code 'f' for object of type 'str'
2025-03-12 11:32:01.796 | ERROR    | src.models.weather:savefile:80 - 保存天气数据失败: Unknown format code 'f' for object of type 'str'
2025-03-12 11:32:01.797 | ERROR    | __main__:run_model:62 - 运行FAO模型时出错: Unknown format code 'f' for object of type 'str'
2025-03-12 11:34:39.173 | INFO     | src.models.weather:savefile:105 - 天气数据已保存到: d:\edge\core_code\core_code\auto-soil-irrigation-wheat-main\auto-soil-irrigation-wheat-main\code\drought-soil-irrigation-wheat\src\models\../../data/weather/drought_irrigation.wth
2025-03-12 11:34:39.176 | INFO     | src.models.soil:customload:30 - 已加载土壤数据: 7行
2025-03-12 11:34:39.177 | INFO     | src.models.soil:savefile:58 - 土壤数据已保存到: d:\edge\core_code\core_code\auto-soil-irrigation-wheat-main\auto-soil-irrigation-wheat-main\code\drought-soil-irrigation-wheat\src\models\../../data/soil/drought_irrigation.sol
2025-03-12 11:34:39.186 | ERROR    | __main__:run_model:62 - 运行FAO模型时出错: 'WeatherET' object has no attribute 'wdata'
2025-03-12 11:37:06.706 | INFO     | src.models.weather:savefile:112 - 天气数据已保存到: d:\edge\core_code\core_code\auto-soil-irrigation-wheat-main\auto-soil-irrigation-wheat-main\code\drought-soil-irrigation-wheat\src\models\../../data/weather/drought_irrigation.wth
2025-03-12 11:37:06.711 | INFO     | src.models.soil:customload:30 - 已加载土壤数据: 7行
2025-03-12 11:37:06.713 | INFO     | src.models.soil:savefile:58 - 土壤数据已保存到: d:\edge\core_code\core_code\auto-soil-irrigation-wheat-main\auto-soil-irrigation-wheat-main\code\drought-soil-irrigation-wheat\src\models\../../data/soil/drought_irrigation.sol
2025-03-12 11:37:06.721 | ERROR    | __main__:run_model:62 - 运行FAO模型时出错: 'ETref'
2025-03-12 11:39:56.382 | INFO     | src.models.weather:savefile:188 - 天气数据已保存到: d:\edge\core_code\core_code\auto-soil-irrigation-wheat-main\auto-soil-irrigation-wheat-main\code\drought-soil-irrigation-wheat\src\models\../../data/weather/drought_irrigation.wth
2025-03-12 11:39:56.385 | INFO     | src.models.soil:customload:30 - 已加载土壤数据: 7行
2025-03-12 11:39:56.387 | INFO     | src.models.soil:savefile:58 - 土壤数据已保存到: d:\edge\core_code\core_code\auto-soil-irrigation-wheat-main\auto-soil-irrigation-wheat-main\code\drought-soil-irrigation-wheat\src\models\../../data/soil/drought_irrigation.sol
2025-03-12 11:39:56.396 | ERROR    | __main__:run_model:62 - 运行FAO模型时出错: 'ModelState' object has no attribute 'Kcmax'
2025-03-12 11:45:50.997 | INFO     | __main__:_create_weather_file:138 - 临时天气数据已保存到: d:\edge\core_code\core_code\auto-soil-irrigation-wheat-main\auto-soil-irrigation-wheat-main\code\drought-soil-irrigation-wheat\src\models\../../data/weather/temp_drought_irrigation.wth
2025-03-12 11:45:51.010 | ERROR    | __main__:run_model:72 - 运行FAO模型时出错: could not convert string to float: '  2024-215  '
2025-03-12 11:49:31.235 | INFO     | __main__:_create_weather_file:140 - 临时天气数据已保存到: d:\edge\core_code\core_code\auto-soil-irrigation-wheat-main\auto-soil-irrigation-wheat-main\code\drought-soil-irrigation-wheat\src\models\../../data/weather/temp_drought_irrigation.wth
2025-03-12 11:49:31.247 | ERROR    | __main__:run_model:72 - 运行FAO模型时出错: could not convert string to float: '  2024-215  '
2025-03-12 11:51:26.243 | INFO     | src.models.soil:customload:30 - 已加载土壤数据: 7行
2025-03-12 11:51:26.245 | INFO     | src.models.soil:savefile:58 - 土壤数据已保存到: d:\edge\core_code\core_code\auto-soil-irrigation-wheat-main\auto-soil-irrigation-wheat-main\code\drought-soil-irrigation-wheat\src\models\../../data/soil/drought_irrigation.sol
2025-03-12 11:51:26.253 | ERROR    | __main__:run_model:89 - 运行FAO模型时出错: 'ETref'
2025-03-12 11:54:29.619 | INFO     | __main__:_create_standard_weather_file:114 - 标准格式天气数据已保存到: d:\edge\core_code\core_code\auto-soil-irrigation-wheat-main\auto-soil-irrigation-wheat-main\code\drought-soil-irrigation-wheat\src\models\../../data/weather/standard_format.wth
2025-03-12 11:54:29.631 | ERROR    | __main__:run_model:74 - 运行FAO模型时出错: list index out of range
2025-03-12 11:56:16.431 | INFO     | __main__:_create_standard_weather_file:126 - 标准格式天气数据已保存到: d:\edge\core_code\core_code\auto-soil-irrigation-wheat-main\auto-soil-irrigation-wheat-main\code\drought-soil-irrigation-wheat\src\models\../../data/weather/standard_format.wth
2025-03-12 11:56:16.442 | ERROR    | __main__:run_model:74 - 运行FAO模型时出错: list index out of range
2025-03-12 13:23:21.764 | INFO     | __main__:_create_standard_weather_file:126 - 标准格式天气数据已保存到: d:\edge\core_code\core_code\auto-soil-irrigation-wheat-main\auto-soil-irrigation-wheat-main\code\drought-soil-irrigation-wheat\src\models\../../data/weather/standard_format.wth
2025-03-12 13:23:21.775 | ERROR    | __main__:run_model:74 - 运行FAO模型时出错: list index out of range
2025-03-12 13:27:28.891 | INFO     | __main__:_create_standard_weather_file:126 - 标准格式天气数据已保存到: d:\edge\core_code\core_code\auto-soil-irrigation-wheat-main\auto-soil-irrigation-wheat-main\code\drought-soil-irrigation-wheat\src\models\../../data/weather/standard_format.wth
2025-03-12 13:27:28.904 | ERROR    | __main__:run_model:74 - 运行FAO模型时出错: list index out of range
2025-03-12 13:29:44.911 | INFO     | __main__:_create_standard_weather_file:134 - 标准格式天气数据已保存到: d:\edge\core_code\core_code\auto-soil-irrigation-wheat-main\auto-soil-irrigation-wheat-main\code\drought-soil-irrigation-wheat\src\models\../../data/weather/standard_format.wth
2025-03-12 13:29:44.923 | ERROR    | __main__:run_model:74 - 运行FAO模型时出错: list index out of range
2025-03-12 13:42:07.044 | INFO     | __main__:run_model:39 - 参数文件已保存到: d:\edge\core_code\core_code\auto-soil-irrigation-wheat-main\auto-soil-irrigation-wheat-main\code\drought-soil-irrigation-wheat\src\models\../../data/model_output/wheat2024.par
2025-03-12 13:42:11.982 | INFO     | src.models.weather:customload:57 - 成功加载天气数据: 365行
2025-03-12 13:42:12.012 | INFO     | src.models.weather:savefile:171 - 天气数据已保存到: d:\edge\core_code\core_code\auto-soil-irrigation-wheat-main\auto-soil-irrigation-wheat-main\code\drought-soil-irrigation-wheat\src\models\../../data/weather/drought_irrigation.wth
2025-03-12 13:42:12.014 | INFO     | __main__:run_model:57 - 中间格式天气文件已保存到: d:\edge\core_code\core_code\auto-soil-irrigation-wheat-main\auto-soil-irrigation-wheat-main\code\drought-soil-irrigation-wheat\src\models\../../data/weather/drought_irrigation.wth
2025-03-12 13:42:12.027 | INFO     | src.models.weather_wth:Weather_wth:34 - 天气文件格式修正完成: d:\edge\core_code\core_code\auto-soil-irrigation-wheat-main\auto-soil-irrigation-wheat-main\code\drought-soil-irrigation-wheat\src\models\../../data/weather/drought_irrigation_fixed.wth
2025-03-12 13:42:12.029 | INFO     | __main__:run_model:62 - 修复后的天气文件已保存到: d:\edge\core_code\core_code\auto-soil-irrigation-wheat-main\auto-soil-irrigation-wheat-main\code\drought-soil-irrigation-wheat\src\models\../../data/weather/drought_irrigation_fixed.wth
2025-03-12 13:42:12.042 | ERROR    | __main__:run_model:93 - 运行FAO模型时出错: list index out of range
2025-03-12 13:49:19.654 | INFO     | __main__:run_model:39 - 参数文件已保存到: D:\edge\core_code\core_code\auto-soil-irrigation-wheat-main\auto-soil-irrigation-wheat-main\code\drought-soil-irrigation-wheat\src\models\../../data/model_output/wheat2024.par
2025-03-12 13:49:23.665 | INFO     | src.models.weather:customload:57 - 成功加载天气数据: 365行
2025-03-12 13:49:23.694 | INFO     | src.models.weather:savefile:183 - 天气数据已保存到: D:\edge\core_code\core_code\auto-soil-irrigation-wheat-main\auto-soil-irrigation-wheat-main\code\drought-soil-irrigation-wheat\src\models\../../data/weather/drought_irrigation.wth
2025-03-12 13:49:23.695 | INFO     | __main__:run_model:57 - 中间格式天气文件已保存到: D:\edge\core_code\core_code\auto-soil-irrigation-wheat-main\auto-soil-irrigation-wheat-main\code\drought-soil-irrigation-wheat\src\models\../../data/weather/drought_irrigation.wth
2025-03-12 13:49:23.705 | INFO     | src.models.weather_wth:Weather_wth:57 - 天气文件格式修正完成: D:\edge\core_code\core_code\auto-soil-irrigation-wheat-main\auto-soil-irrigation-wheat-main\code\drought-soil-irrigation-wheat\src\models\../../data/weather/drought_irrigation_fixed.wth
2025-03-12 13:49:23.705 | INFO     | __main__:run_model:62 - 修复后的天气文件已保存到: D:\edge\core_code\core_code\auto-soil-irrigation-wheat-main\auto-soil-irrigation-wheat-main\code\drought-soil-irrigation-wheat\src\models\../../data/weather/drought_irrigation_fixed.wth
2025-03-12 13:49:23.717 | ERROR    | __main__:run_model:93 - 运行FAO模型时出错: list index out of range
2025-03-12 13:51:39.327 | INFO     | __main__:run_model:39 - 参数文件已保存到: D:\edge\core_code\core_code\auto-soil-irrigation-wheat-main\auto-soil-irrigation-wheat-main\code\drought-soil-irrigation-wheat\src\models\../../data/model_output/wheat2024.par
2025-03-12 13:51:43.358 | INFO     | src.models.weather:customload:57 - 成功加载天气数据: 365行
2025-03-12 13:51:43.387 | INFO     | src.models.weather:savefile:183 - 天气数据已保存到: D:\edge\core_code\core_code\auto-soil-irrigation-wheat-main\auto-soil-irrigation-wheat-main\code\drought-soil-irrigation-wheat\src\models\../../data/weather/drought_irrigation.wth
2025-03-12 13:51:43.388 | INFO     | __main__:run_model:57 - 中间格式天气文件已保存到: D:\edge\core_code\core_code\auto-soil-irrigation-wheat-main\auto-soil-irrigation-wheat-main\code\drought-soil-irrigation-wheat\src\models\../../data/weather/drought_irrigation.wth
2025-03-12 13:51:43.398 | INFO     | src.models.weather_wth:Weather_wth:61 - 成功修正天气文件格式: D:\edge\core_code\core_code\auto-soil-irrigation-wheat-main\auto-soil-irrigation-wheat-main\code\drought-soil-irrigation-wheat\src\models\../../data/weather/drought_irrigation_fixed.wth
2025-03-12 13:51:43.399 | INFO     | __main__:run_model:62 - 修复后的天气文件已保存到: D:\edge\core_code\core_code\auto-soil-irrigation-wheat-main\auto-soil-irrigation-wheat-main\code\drought-soil-irrigation-wheat\src\models\../../data/weather/drought_irrigation_fixed.wth
2025-03-12 13:51:43.410 | ERROR    | __main__:run_model:93 - 运行FAO模型时出错: list index out of range
2025-03-12 13:55:11.665 | INFO     | __main__:run_model:39 - 参数文件已保存到: D:\edge\core_code\core_code\auto-soil-irrigation-wheat-main\auto-soil-irrigation-wheat-main\code\drought-soil-irrigation-wheat\src\models\../../data/model_output/wheat2024.par
2025-03-12 13:55:15.727 | INFO     | src.models.weather:customload:57 - 成功加载天气数据: 365行
2025-03-12 13:55:15.757 | INFO     | src.models.weather:savefile:183 - 天气数据已保存到: D:\edge\core_code\core_code\auto-soil-irrigation-wheat-main\auto-soil-irrigation-wheat-main\code\drought-soil-irrigation-wheat\src\models\../../data/weather/drought_irrigation.wth
2025-03-12 13:55:15.758 | INFO     | __main__:run_model:57 - 中间格式天气文件已保存到: D:\edge\core_code\core_code\auto-soil-irrigation-wheat-main\auto-soil-irrigation-wheat-main\code\drought-soil-irrigation-wheat\src\models\../../data/weather/drought_irrigation.wth
2025-03-12 13:55:15.768 | INFO     | src.models.weather_wth:Weather_wth:62 - 成功修正天气文件格式: D:\edge\core_code\core_code\auto-soil-irrigation-wheat-main\auto-soil-irrigation-wheat-main\code\drought-soil-irrigation-wheat\src\models\../../data/weather/drought_irrigation_fixed.wth
2025-03-12 13:55:15.768 | INFO     | __main__:run_model:62 - 修复后的天气文件已保存到: D:\edge\core_code\core_code\auto-soil-irrigation-wheat-main\auto-soil-irrigation-wheat-main\code\drought-soil-irrigation-wheat\src\models\../../data/weather/drought_irrigation_fixed.wth
2025-03-12 13:55:15.782 | ERROR    | __main__:run_model:93 - 运行FAO模型时出错: list index out of range
2025-03-12 13:56:44.457 | INFO     | __main__:run_model:39 - 参数文件已保存到: D:\edge\core_code\core_code\auto-soil-irrigation-wheat-main\auto-soil-irrigation-wheat-main\code\drought-soil-irrigation-wheat\src\models\../../data/model_output/wheat2024.par
2025-03-12 13:56:48.458 | INFO     | src.models.weather:customload:57 - 成功加载天气数据: 365行
2025-03-12 13:56:48.489 | INFO     | src.models.weather:savefile:183 - 天气数据已保存到: D:\edge\core_code\core_code\auto-soil-irrigation-wheat-main\auto-soil-irrigation-wheat-main\code\drought-soil-irrigation-wheat\src\models\../../data/weather/drought_irrigation.wth
2025-03-12 13:56:48.489 | INFO     | __main__:run_model:57 - 中间格式天气文件已保存到: D:\edge\core_code\core_code\auto-soil-irrigation-wheat-main\auto-soil-irrigation-wheat-main\code\drought-soil-irrigation-wheat\src\models\../../data/weather/drought_irrigation.wth
2025-03-12 13:56:48.500 | INFO     | src.models.weather_wth:Weather_wth:61 - 成功修正天气文件格式: D:\edge\core_code\core_code\auto-soil-irrigation-wheat-main\auto-soil-irrigation-wheat-main\code\drought-soil-irrigation-wheat\src\models\../../data/weather/drought_irrigation_fixed.wth
2025-03-12 13:56:48.500 | INFO     | __main__:run_model:62 - 修复后的天气文件已保存到: D:\edge\core_code\core_code\auto-soil-irrigation-wheat-main\auto-soil-irrigation-wheat-main\code\drought-soil-irrigation-wheat\src\models\../../data/weather/drought_irrigation_fixed.wth
2025-03-12 13:56:48.513 | ERROR    | __main__:run_model:93 - 运行FAO模型时出错: list index out of range
2025-03-12 13:58:24.463 | INFO     | __main__:run_model:39 - 参数文件已保存到: D:\edge\core_code\core_code\auto-soil-irrigation-wheat-main\auto-soil-irrigation-wheat-main\code\drought-soil-irrigation-wheat\src\models\../../data/model_output/wheat2024.par
2025-03-12 13:58:27.808 | INFO     | src.models.weather:customload:57 - 成功加载天气数据: 365行
2025-03-12 13:58:27.839 | INFO     | src.models.weather:savefile:183 - 天气数据已保存到: D:\edge\core_code\core_code\auto-soil-irrigation-wheat-main\auto-soil-irrigation-wheat-main\code\drought-soil-irrigation-wheat\src\models\../../data/weather/drought_irrigation.wth
2025-03-12 13:58:27.840 | INFO     | __main__:run_model:57 - 中间格式天气文件已保存到: D:\edge\core_code\core_code\auto-soil-irrigation-wheat-main\auto-soil-irrigation-wheat-main\code\drought-soil-irrigation-wheat\src\models\../../data/weather/drought_irrigation.wth
2025-03-12 13:58:27.850 | INFO     | src.models.weather_wth:Weather_wth:62 - 成功修正天气文件格式: D:\edge\core_code\core_code\auto-soil-irrigation-wheat-main\auto-soil-irrigation-wheat-main\code\drought-soil-irrigation-wheat\src\models\../../data/weather/drought_irrigation_fixed.wth
2025-03-12 13:58:27.851 | INFO     | __main__:run_model:62 - 修复后的天气文件已保存到: D:\edge\core_code\core_code\auto-soil-irrigation-wheat-main\auto-soil-irrigation-wheat-main\code\drought-soil-irrigation-wheat\src\models\../../data/weather/drought_irrigation_fixed.wth
2025-03-12 13:58:27.863 | ERROR    | __main__:run_model:93 - 运行FAO模型时出错: list index out of range
2025-03-12 14:00:02.925 | INFO     | __main__:run_model:39 - 参数文件已保存到: D:\edge\core_code\core_code\auto-soil-irrigation-wheat-main\auto-soil-irrigation-wheat-main\code\drought-soil-irrigation-wheat\src\models\../../data/model_output/wheat2024.par
2025-03-12 14:00:06.997 | INFO     | src.models.weather:customload:57 - 成功加载天气数据: 365行
2025-03-12 14:00:07.026 | INFO     | src.models.weather:savefile:183 - 天气数据已保存到: D:\edge\core_code\core_code\auto-soil-irrigation-wheat-main\auto-soil-irrigation-wheat-main\code\drought-soil-irrigation-wheat\src\models\../../data/weather/drought_irrigation.wth
2025-03-12 14:00:07.027 | INFO     | __main__:run_model:57 - 中间格式天气文件已保存到: D:\edge\core_code\core_code\auto-soil-irrigation-wheat-main\auto-soil-irrigation-wheat-main\code\drought-soil-irrigation-wheat\src\models\../../data/weather/drought_irrigation.wth
2025-03-12 14:00:07.037 | ERROR    | src.models.weather_wth:Weather_wth:76 - 修正天气文件格式时出错: could not convert string to float: 'M'
2025-03-12 14:00:07.038 | INFO     | __main__:run_model:62 - 修复后的天气文件已保存到: D:\edge\core_code\core_code\auto-soil-irrigation-wheat-main\auto-soil-irrigation-wheat-main\code\drought-soil-irrigation-wheat\src\models\../../data/weather/drought_irrigation_fixed.wth
2025-03-12 14:00:07.047 | ERROR    | __main__:run_model:93 - 运行FAO模型时出错: could not convert string to float: '35.0000000 W'
2025-03-12 14:01:02.392 | INFO     | __main__:run_model:39 - 参数文件已保存到: D:\edge\core_code\core_code\auto-soil-irrigation-wheat-main\auto-soil-irrigation-wheat-main\code\drought-soil-irrigation-wheat\src\models\../../data/model_output/wheat2024.par
2025-03-12 14:01:05.935 | INFO     | src.models.weather:customload:57 - 成功加载天气数据: 365行
2025-03-12 14:01:05.968 | INFO     | src.models.weather:savefile:183 - 天气数据已保存到: D:\edge\core_code\core_code\auto-soil-irrigation-wheat-main\auto-soil-irrigation-wheat-main\code\drought-soil-irrigation-wheat\src\models\../../data/weather/drought_irrigation.wth
2025-03-12 14:01:05.969 | INFO     | __main__:run_model:57 - 中间格式天气文件已保存到: D:\edge\core_code\core_code\auto-soil-irrigation-wheat-main\auto-soil-irrigation-wheat-main\code\drought-soil-irrigation-wheat\src\models\../../data/weather/drought_irrigation.wth
2025-03-12 14:01:05.978 | ERROR    | src.models.weather_wth:Weather_wth:82 - 修正天气文件格式时出错: Unknown format code 'd' for object of type 'str'
2025-03-12 14:01:05.978 | INFO     | __main__:run_model:62 - 修复后的天气文件已保存到: D:\edge\core_code\core_code\auto-soil-irrigation-wheat-main\auto-soil-irrigation-wheat-main\code\drought-soil-irrigation-wheat\src\models\../../data/weather/drought_irrigation_fixed.wth
2025-03-12 14:01:05.993 | INFO     | src.models.soil:customload:30 - 已加载土壤数据: 7行
2025-03-12 14:01:05.995 | INFO     | src.models.soil:savefile:58 - 土壤数据已保存到: D:\edge\core_code\core_code\auto-soil-irrigation-wheat-main\auto-soil-irrigation-wheat-main\code\drought-soil-irrigation-wheat\src\models\../../data/soil/drought_irrigation.sol
2025-03-12 14:01:05.995 | INFO     | __main__:run_model:74 - 土壤数据文件已保存到: D:\edge\core_code\core_code\auto-soil-irrigation-wheat-main\auto-soil-irrigation-wheat-main\code\drought-soil-irrigation-wheat\src\models\../../data/soil/drought_irrigation.sol
2025-03-12 14:01:05.996 | INFO     | __main__:run_model:77 - 开始运行FAO模型...
2025-03-12 14:01:06.004 | ERROR    | __main__:run_model:93 - 运行FAO模型时出错: '2024-214'
2025-03-12 14:02:03.905 | INFO     | __main__:run_model:39 - 参数文件已保存到: D:\edge\core_code\core_code\auto-soil-irrigation-wheat-main\auto-soil-irrigation-wheat-main\code\drought-soil-irrigation-wheat\src\models\../../data/model_output/wheat2024.par
2025-03-12 14:02:07.368 | INFO     | src.models.weather:customload:57 - 成功加载天气数据: 365行
2025-03-12 14:02:07.397 | INFO     | src.models.weather:savefile:183 - 天气数据已保存到: D:\edge\core_code\core_code\auto-soil-irrigation-wheat-main\auto-soil-irrigation-wheat-main\code\drought-soil-irrigation-wheat\src\models\../../data/weather/drought_irrigation.wth
2025-03-12 14:02:07.398 | INFO     | __main__:run_model:57 - 中间格式天气文件已保存到: D:\edge\core_code\core_code\auto-soil-irrigation-wheat-main\auto-soil-irrigation-wheat-main\code\drought-soil-irrigation-wheat\src\models\../../data/weather/drought_irrigation.wth
2025-03-12 14:02:07.417 | ERROR    | src.models.weather_wth:Weather_wth:82 - 修正天气文件格式时出错: time data '************************************************************************' does not match format '%Y-%j'
2025-03-12 14:02:07.417 | INFO     | __main__:run_model:62 - 修复后的天气文件已保存到: D:\edge\core_code\core_code\auto-soil-irrigation-wheat-main\auto-soil-irrigation-wheat-main\code\drought-soil-irrigation-wheat\src\models\../../data/weather/drought_irrigation_fixed.wth
2025-03-12 14:02:07.788 | INFO     | src.models.soil:customload:30 - 已加载土壤数据: 7行
2025-03-12 14:02:07.790 | INFO     | src.models.soil:savefile:58 - 土壤数据已保存到: D:\edge\core_code\core_code\auto-soil-irrigation-wheat-main\auto-soil-irrigation-wheat-main\code\drought-soil-irrigation-wheat\src\models\../../data/soil/drought_irrigation.sol
2025-03-12 14:02:07.791 | INFO     | __main__:run_model:74 - 土壤数据文件已保存到: D:\edge\core_code\core_code\auto-soil-irrigation-wheat-main\auto-soil-irrigation-wheat-main\code\drought-soil-irrigation-wheat\src\models\../../data/soil/drought_irrigation.sol
2025-03-12 14:02:07.791 | INFO     | __main__:run_model:77 - 开始运行FAO模型...
2025-03-12 14:02:09.417 | INFO     | __main__:run_model:88 - FAO模型运行完成，耗时: 5.51秒
2025-03-12 14:02:09.418 | INFO     | __main__:run_model:89 - 模型输出已保存到: D:\edge\core_code\core_code\auto-soil-irrigation-wheat-main\auto-soil-irrigation-wheat-main\code\drought-soil-irrigation-wheat\src\models\../../data/model_output/wheat2024.out
2025-03-12 14:02:09.418 | INFO     | __main__:run_model:90 - 模型摘要已保存到: D:\edge\core_code\core_code\auto-soil-irrigation-wheat-main\auto-soil-irrigation-wheat-main\code\drought-soil-irrigation-wheat\src\models\../../data/model_output/wheat2024.sum
2025-03-12 14:09:18.630 | INFO     | __main__:run_model:39 - 参数文件已保存到: d:\edge\core_code\core_code\auto-soil-irrigation-wheat-main\auto-soil-irrigation-wheat-main\code\drought-soil-irrigation-wheat\src\models\../../data/model_output/wheat2024.par
2025-03-12 14:09:22.224 | INFO     | src.models.weather:customload:57 - 成功加载天气数据: 365行
2025-03-12 14:09:22.259 | INFO     | src.models.weather:savefile:183 - 天气数据已保存到: d:\edge\core_code\core_code\auto-soil-irrigation-wheat-main\auto-soil-irrigation-wheat-main\code\drought-soil-irrigation-wheat\src\models\../../data/weather/drought_irrigation.wth
2025-03-12 14:09:22.261 | INFO     | __main__:run_model:57 - 中间格式天气文件已保存到: d:\edge\core_code\core_code\auto-soil-irrigation-wheat-main\auto-soil-irrigation-wheat-main\code\drought-soil-irrigation-wheat\src\models\../../data/weather/drought_irrigation.wth
2025-03-12 14:09:22.282 | ERROR    | src.models.weather_wth:Weather_wth:82 - 修正天气文件格式时出错: time data '************************************************************************' does not match format '%Y-%j'
2025-03-12 14:09:22.284 | INFO     | __main__:run_model:62 - 修复后的天气文件已保存到: d:\edge\core_code\core_code\auto-soil-irrigation-wheat-main\auto-soil-irrigation-wheat-main\code\drought-soil-irrigation-wheat\src\models\../../data/weather/drought_irrigation_fixed.wth
2025-03-12 14:09:22.638 | INFO     | src.models.soil:customload:30 - 已加载土壤数据: 7行
2025-03-12 14:09:22.641 | INFO     | src.models.soil:savefile:58 - 土壤数据已保存到: d:\edge\core_code\core_code\auto-soil-irrigation-wheat-main\auto-soil-irrigation-wheat-main\code\drought-soil-irrigation-wheat\src\models\../../data/soil/drought_irrigation.sol
2025-03-12 14:09:22.642 | INFO     | __main__:run_model:74 - 土壤数据文件已保存到: d:\edge\core_code\core_code\auto-soil-irrigation-wheat-main\auto-soil-irrigation-wheat-main\code\drought-soil-irrigation-wheat\src\models\../../data/soil/drought_irrigation.sol
2025-03-12 14:09:22.643 | INFO     | __main__:run_model:77 - 开始运行FAO模型...
2025-03-12 14:09:24.299 | INFO     | __main__:run_model:88 - FAO模型运行完成，耗时: 5.67秒
2025-03-12 14:09:24.300 | INFO     | __main__:run_model:89 - 模型输出已保存到: d:\edge\core_code\core_code\auto-soil-irrigation-wheat-main\auto-soil-irrigation-wheat-main\code\drought-soil-irrigation-wheat\src\models\../../data/model_output/wheat2024.out
2025-03-12 14:09:24.301 | INFO     | __main__:run_model:90 - 模型摘要已保存到: d:\edge\core_code\core_code\auto-soil-irrigation-wheat-main\auto-soil-irrigation-wheat-main\code\drought-soil-irrigation-wheat\src\models\../../data/model_output/wheat2024.sum
2025-03-12 14:39:32.546 | INFO     | __main__:run_model:39 - 参数文件已保存到: D:\edge\core_code\core_code\auto-soil-irrigation-wheat-main\auto-soil-irrigation-wheat-main\code\drought-soil-irrigation-wheat\src\models\../../data/model_output/wheat2024.par
2025-03-12 14:39:36.609 | INFO     | src.models.weather:customload:57 - 成功加载天气数据: 365行
2025-03-12 14:39:36.641 | INFO     | src.models.weather:savefile:183 - 天气数据已保存到: D:\edge\core_code\core_code\auto-soil-irrigation-wheat-main\auto-soil-irrigation-wheat-main\code\drought-soil-irrigation-wheat\src\models\../../data/weather/drought_irrigation.wth
2025-03-12 14:39:36.641 | INFO     | __main__:run_model:57 - 中间格式天气文件已保存到: D:\edge\core_code\core_code\auto-soil-irrigation-wheat-main\auto-soil-irrigation-wheat-main\code\drought-soil-irrigation-wheat\src\models\../../data/weather/drought_irrigation.wth
2025-03-12 14:39:36.651 | INFO     | src.models.weather_wth:Weather_wth:130 - 成功修正天气文件格式: D:\edge\core_code\core_code\auto-soil-irrigation-wheat-main\auto-soil-irrigation-wheat-main\code\drought-soil-irrigation-wheat\src\models\../../data/weather/drought_irrigation_fixed.wth
2025-03-12 14:39:36.652 | INFO     | __main__:run_model:62 - 修复后的天气文件已保存到: D:\edge\core_code\core_code\auto-soil-irrigation-wheat-main\auto-soil-irrigation-wheat-main\code\drought-soil-irrigation-wheat\src\models\../../data/weather/drought_irrigation_fixed.wth
2025-03-12 14:39:36.663 | ERROR    | __main__:run_model:93 - 运行FAO模型时出错: list index out of range
2025-03-12 14:41:13.594 | INFO     | __main__:run_model:39 - 参数文件已保存到: D:\edge\core_code\core_code\auto-soil-irrigation-wheat-main\auto-soil-irrigation-wheat-main\code\drought-soil-irrigation-wheat\src\models\../../data/model_output/wheat2024.par
2025-03-12 14:41:17.196 | INFO     | src.models.weather:customload:57 - 成功加载天气数据: 365行
2025-03-12 14:41:17.227 | INFO     | src.models.weather:savefile:183 - 天气数据已保存到: D:\edge\core_code\core_code\auto-soil-irrigation-wheat-main\auto-soil-irrigation-wheat-main\code\drought-soil-irrigation-wheat\src\models\../../data/weather/drought_irrigation.wth
2025-03-12 14:41:17.228 | INFO     | __main__:run_model:57 - 中间格式天气文件已保存到: D:\edge\core_code\core_code\auto-soil-irrigation-wheat-main\auto-soil-irrigation-wheat-main\code\drought-soil-irrigation-wheat\src\models\../../data/weather/drought_irrigation.wth
2025-03-12 14:41:17.236 | INFO     | src.models.weather_wth:Weather_wth:138 - 成功修正天气文件格式: D:\edge\core_code\core_code\auto-soil-irrigation-wheat-main\auto-soil-irrigation-wheat-main\code\drought-soil-irrigation-wheat\src\models\../../data/weather/drought_irrigation_fixed.wth
2025-03-12 14:41:17.237 | INFO     | __main__:run_model:62 - 修复后的天气文件已保存到: D:\edge\core_code\core_code\auto-soil-irrigation-wheat-main\auto-soil-irrigation-wheat-main\code\drought-soil-irrigation-wheat\src\models\../../data/weather/drought_irrigation_fixed.wth
2025-03-12 14:41:17.248 | ERROR    | __main__:run_model:93 - 运行FAO模型时出错: list index out of range
2025-03-12 14:42:28.817 | INFO     | __main__:run_model:39 - 参数文件已保存到: D:\edge\core_code\core_code\auto-soil-irrigation-wheat-main\auto-soil-irrigation-wheat-main\code\drought-soil-irrigation-wheat\src\models\../../data/model_output/wheat2024.par
2025-03-12 14:42:32.826 | INFO     | src.models.weather:customload:57 - 成功加载天气数据: 365行
2025-03-12 14:42:32.855 | INFO     | src.models.weather:savefile:183 - 天气数据已保存到: D:\edge\core_code\core_code\auto-soil-irrigation-wheat-main\auto-soil-irrigation-wheat-main\code\drought-soil-irrigation-wheat\src\models\../../data/weather/drought_irrigation.wth
2025-03-12 14:42:32.855 | INFO     | __main__:run_model:57 - 中间格式天气文件已保存到: D:\edge\core_code\core_code\auto-soil-irrigation-wheat-main\auto-soil-irrigation-wheat-main\code\drought-soil-irrigation-wheat\src\models\../../data/weather/drought_irrigation.wth
2025-03-12 14:42:32.868 | ERROR    | src.models.weather_wth:Weather_wth:127 - 修正天气文件格式时出错: 'Date'
2025-03-12 14:42:32.868 | INFO     | __main__:run_model:62 - 修复后的天气文件已保存到: D:\edge\core_code\core_code\auto-soil-irrigation-wheat-main\auto-soil-irrigation-wheat-main\code\drought-soil-irrigation-wheat\src\models\../../data/weather/drought_irrigation_fixed.wth
2025-03-12 14:42:32.879 | ERROR    | __main__:run_model:93 - 运行FAO模型时出错: list index out of range
2025-03-12 14:43:45.111 | INFO     | __main__:run_model:39 - 参数文件已保存到: D:\edge\core_code\core_code\auto-soil-irrigation-wheat-main\auto-soil-irrigation-wheat-main\code\drought-soil-irrigation-wheat\src\models\../../data/model_output/wheat2024.par
2025-03-12 14:43:49.181 | INFO     | src.models.weather:customload:57 - 成功加载天气数据: 365行
2025-03-12 14:43:49.210 | INFO     | src.models.weather:savefile:183 - 天气数据已保存到: D:\edge\core_code\core_code\auto-soil-irrigation-wheat-main\auto-soil-irrigation-wheat-main\code\drought-soil-irrigation-wheat\src\models\../../data/weather/drought_irrigation.wth
2025-03-12 14:43:49.211 | INFO     | __main__:run_model:57 - 中间格式天气文件已保存到: D:\edge\core_code\core_code\auto-soil-irrigation-wheat-main\auto-soil-irrigation-wheat-main\code\drought-soil-irrigation-wheat\src\models\../../data/weather/drought_irrigation.wth
2025-03-12 14:43:49.221 | INFO     | __main__:run_model:62 - 修复后的天气文件已保存到: D:\edge\core_code\core_code\auto-soil-irrigation-wheat-main\auto-soil-irrigation-wheat-main\code\drought-soil-irrigation-wheat\src\models\../../data/weather/drought_irrigation_fixed.wth
2025-03-12 14:43:49.223 | ERROR    | __main__:run_model:93 - 运行FAO模型时出错: list index out of range
2025-03-12 14:44:46.642 | INFO     | __main__:run_model:39 - 参数文件已保存到: D:\edge\core_code\core_code\auto-soil-irrigation-wheat-main\auto-soil-irrigation-wheat-main\code\drought-soil-irrigation-wheat\src\models\../../data/model_output/wheat2024.par
2025-03-12 14:44:50.178 | INFO     | src.models.weather:customload:57 - 成功加载天气数据: 365行
2025-03-12 14:44:50.208 | INFO     | src.models.weather:savefile:183 - 天气数据已保存到: D:\edge\core_code\core_code\auto-soil-irrigation-wheat-main\auto-soil-irrigation-wheat-main\code\drought-soil-irrigation-wheat\src\models\../../data/weather/drought_irrigation.wth
2025-03-12 14:44:50.208 | INFO     | __main__:run_model:57 - 中间格式天气文件已保存到: D:\edge\core_code\core_code\auto-soil-irrigation-wheat-main\auto-soil-irrigation-wheat-main\code\drought-soil-irrigation-wheat\src\models\../../data/weather/drought_irrigation.wth
2025-03-12 14:44:50.218 | INFO     | __main__:run_model:62 - 修复后的天气文件已保存到: D:\edge\core_code\core_code\auto-soil-irrigation-wheat-main\auto-soil-irrigation-wheat-main\code\drought-soil-irrigation-wheat\src\models\../../data/weather/drought_irrigation_fixed.wth
2025-03-12 14:44:50.221 | ERROR    | __main__:run_model:93 - 运行FAO模型时出错: list index out of range
2025-03-12 14:47:09.518 | INFO     | __main__:run_model:39 - 参数文件已保存到: D:\edge\core_code\core_code\auto-soil-irrigation-wheat-main\auto-soil-irrigation-wheat-main\code\drought-soil-irrigation-wheat\src\models\../../data/model_output/wheat2024.par
2025-03-12 14:47:13.392 | INFO     | src.models.weather:customload:57 - 成功加载天气数据: 365行
2025-03-12 14:47:13.422 | INFO     | src.models.weather:savefile:183 - 天气数据已保存到: D:\edge\core_code\core_code\auto-soil-irrigation-wheat-main\auto-soil-irrigation-wheat-main\code\drought-soil-irrigation-wheat\src\models\../../data/weather/drought_irrigation.wth
2025-03-12 14:47:13.422 | INFO     | __main__:run_model:57 - 中间格式天气文件已保存到: D:\edge\core_code\core_code\auto-soil-irrigation-wheat-main\auto-soil-irrigation-wheat-main\code\drought-soil-irrigation-wheat\src\models\../../data/weather/drought_irrigation.wth
2025-03-12 14:47:13.433 | INFO     | __main__:run_model:62 - 修复后的天气文件已保存到: D:\edge\core_code\core_code\auto-soil-irrigation-wheat-main\auto-soil-irrigation-wheat-main\code\drought-soil-irrigation-wheat\src\models\../../data/weather/drought_irrigation_fixed.wth
2025-03-12 14:47:13.443 | ERROR    | __main__:run_model:93 - 运行FAO模型时出错: list index out of range
2025-03-12 14:49:34.889 | INFO     | __main__:run_model:39 - 参数文件已保存到: D:\edge\core_code\core_code\auto-soil-irrigation-wheat-main\auto-soil-irrigation-wheat-main\code\drought-soil-irrigation-wheat\src\models\../../data/model_output/wheat2024.par
2025-03-12 14:49:41.549 | INFO     | src.models.weather:customload:57 - 成功加载天气数据: 365行
2025-03-12 14:49:41.577 | INFO     | src.models.weather:savefile:183 - 天气数据已保存到: D:\edge\core_code\core_code\auto-soil-irrigation-wheat-main\auto-soil-irrigation-wheat-main\code\drought-soil-irrigation-wheat\src\models\../../data/weather/drought_irrigation.wth
2025-03-12 14:49:41.578 | INFO     | __main__:run_model:57 - 中间格式天气文件已保存到: D:\edge\core_code\core_code\auto-soil-irrigation-wheat-main\auto-soil-irrigation-wheat-main\code\drought-soil-irrigation-wheat\src\models\../../data/weather/drought_irrigation.wth
2025-03-12 14:49:41.590 | INFO     | __main__:run_model:62 - 修复后的天气文件已保存到: D:\edge\core_code\core_code\auto-soil-irrigation-wheat-main\auto-soil-irrigation-wheat-main\code\drought-soil-irrigation-wheat\src\models\../../data/weather/drought_irrigation_fixed.wth
2025-03-12 14:49:41.600 | ERROR    | __main__:run_model:93 - 运行FAO模型时出错: could not convert string to float: '100.0     # '
2025-03-12 14:50:38.269 | INFO     | __main__:run_model:39 - 参数文件已保存到: D:\edge\core_code\core_code\auto-soil-irrigation-wheat-main\auto-soil-irrigation-wheat-main\code\drought-soil-irrigation-wheat\src\models\../../data/model_output/wheat2024.par
2025-03-12 14:50:42.376 | INFO     | src.models.weather:customload:57 - 成功加载天气数据: 365行
2025-03-12 14:50:42.406 | INFO     | src.models.weather:savefile:183 - 天气数据已保存到: D:\edge\core_code\core_code\auto-soil-irrigation-wheat-main\auto-soil-irrigation-wheat-main\code\drought-soil-irrigation-wheat\src\models\../../data/weather/drought_irrigation.wth
2025-03-12 14:50:42.407 | INFO     | __main__:run_model:57 - 中间格式天气文件已保存到: D:\edge\core_code\core_code\auto-soil-irrigation-wheat-main\auto-soil-irrigation-wheat-main\code\drought-soil-irrigation-wheat\src\models\../../data/weather/drought_irrigation.wth
2025-03-12 14:50:42.418 | INFO     | __main__:run_model:62 - 修复后的天气文件已保存到: D:\edge\core_code\core_code\auto-soil-irrigation-wheat-main\auto-soil-irrigation-wheat-main\code\drought-soil-irrigation-wheat\src\models\../../data/weather/drought_irrigation_fixed.wth
2025-03-12 14:50:42.432 | INFO     | src.models.soil:customload:30 - 已加载土壤数据: 7行
2025-03-12 14:50:42.433 | INFO     | src.models.soil:savefile:58 - 土壤数据已保存到: D:\edge\core_code\core_code\auto-soil-irrigation-wheat-main\auto-soil-irrigation-wheat-main\code\drought-soil-irrigation-wheat\src\models\../../data/soil/drought_irrigation.sol
2025-03-12 14:50:42.434 | INFO     | __main__:run_model:74 - 土壤数据文件已保存到: D:\edge\core_code\core_code\auto-soil-irrigation-wheat-main\auto-soil-irrigation-wheat-main\code\drought-soil-irrigation-wheat\src\models\../../data/soil/drought_irrigation.sol
2025-03-12 14:50:42.435 | INFO     | __main__:run_model:77 - 开始运行FAO模型...
2025-03-12 14:50:42.441 | ERROR    | __main__:run_model:93 - 运行FAO模型时出错: '2024-214'
2025-03-12 14:52:00.050 | INFO     | __main__:run_model:39 - 参数文件已保存到: D:\edge\core_code\core_code\auto-soil-irrigation-wheat-main\auto-soil-irrigation-wheat-main\code\drought-soil-irrigation-wheat\src\models\../../data/model_output/wheat2024.par
2025-03-12 14:52:04.698 | INFO     | src.models.weather:customload:57 - 成功加载天气数据: 365行
2025-03-12 14:52:04.727 | INFO     | src.models.weather:savefile:183 - 天气数据已保存到: D:\edge\core_code\core_code\auto-soil-irrigation-wheat-main\auto-soil-irrigation-wheat-main\code\drought-soil-irrigation-wheat\src\models\../../data/weather/drought_irrigation.wth
2025-03-12 14:52:04.727 | INFO     | __main__:run_model:57 - 中间格式天气文件已保存到: D:\edge\core_code\core_code\auto-soil-irrigation-wheat-main\auto-soil-irrigation-wheat-main\code\drought-soil-irrigation-wheat\src\models\../../data/weather/drought_irrigation.wth
2025-03-12 14:52:04.831 | INFO     | __main__:run_model:62 - 修复后的天气文件已保存到: D:\edge\core_code\core_code\auto-soil-irrigation-wheat-main\auto-soil-irrigation-wheat-main\code\drought-soil-irrigation-wheat\src\models\../../data/weather/drought_irrigation_fixed.wth
2025-03-12 14:52:04.846 | INFO     | src.models.soil:customload:30 - 已加载土壤数据: 7行
2025-03-12 14:52:04.847 | INFO     | src.models.soil:savefile:58 - 土壤数据已保存到: D:\edge\core_code\core_code\auto-soil-irrigation-wheat-main\auto-soil-irrigation-wheat-main\code\drought-soil-irrigation-wheat\src\models\../../data/soil/drought_irrigation.sol
2025-03-12 14:52:04.848 | INFO     | __main__:run_model:74 - 土壤数据文件已保存到: D:\edge\core_code\core_code\auto-soil-irrigation-wheat-main\auto-soil-irrigation-wheat-main\code\drought-soil-irrigation-wheat\src\models\../../data/soil/drought_irrigation.sol
2025-03-12 14:52:04.848 | INFO     | __main__:run_model:77 - 开始运行FAO模型...
2025-03-12 14:52:04.856 | ERROR    | __main__:run_model:93 - 运行FAO模型时出错: '2024-214'
2025-03-12 14:53:28.232 | INFO     | __main__:run_model:39 - 参数文件已保存到: D:\edge\core_code\core_code\auto-soil-irrigation-wheat-main\auto-soil-irrigation-wheat-main\code\drought-soil-irrigation-wheat\src\models\../../data/model_output/wheat2024.par
2025-03-12 14:53:32.347 | INFO     | src.models.weather:customload:57 - 成功加载天气数据: 365行
2025-03-12 14:53:32.377 | INFO     | src.models.weather:savefile:183 - 天气数据已保存到: D:\edge\core_code\core_code\auto-soil-irrigation-wheat-main\auto-soil-irrigation-wheat-main\code\drought-soil-irrigation-wheat\src\models\../../data/weather/drought_irrigation.wth
2025-03-12 14:53:32.378 | INFO     | __main__:run_model:57 - 中间格式天气文件已保存到: D:\edge\core_code\core_code\auto-soil-irrigation-wheat-main\auto-soil-irrigation-wheat-main\code\drought-soil-irrigation-wheat\src\models\../../data/weather/drought_irrigation.wth
2025-03-12 14:53:32.388 | INFO     | __main__:run_model:62 - 修复后的天气文件已保存到: D:\edge\core_code\core_code\auto-soil-irrigation-wheat-main\auto-soil-irrigation-wheat-main\code\drought-soil-irrigation-wheat\src\models\../../data/weather/drought_irrigation_fixed.wth
2025-03-12 14:53:32.392 | INFO     | src.models.soil:customload:30 - 已加载土壤数据: 7行
2025-03-12 14:53:32.394 | INFO     | src.models.soil:savefile:58 - 土壤数据已保存到: D:\edge\core_code\core_code\auto-soil-irrigation-wheat-main\auto-soil-irrigation-wheat-main\code\drought-soil-irrigation-wheat\src\models\../../data/soil/drought_irrigation.sol
2025-03-12 14:53:32.394 | INFO     | __main__:run_model:74 - 土壤数据文件已保存到: D:\edge\core_code\core_code\auto-soil-irrigation-wheat-main\auto-soil-irrigation-wheat-main\code\drought-soil-irrigation-wheat\src\models\../../data/soil/drought_irrigation.sol
2025-03-12 14:53:32.395 | INFO     | __main__:run_model:77 - 开始运行FAO模型...
2025-03-12 14:53:32.403 | ERROR    | __main__:run_model:93 - 运行FAO模型时出错: '2024-214'
2025-03-12 14:54:24.751 | INFO     | __main__:run_model:39 - 参数文件已保存到: D:\edge\core_code\core_code\auto-soil-irrigation-wheat-main\auto-soil-irrigation-wheat-main\code\drought-soil-irrigation-wheat\src\models\../../data/model_output/wheat2024.par
2025-03-12 14:54:28.344 | INFO     | src.models.weather:customload:57 - 成功加载天气数据: 365行
2025-03-12 14:54:28.375 | INFO     | src.models.weather:savefile:183 - 天气数据已保存到: D:\edge\core_code\core_code\auto-soil-irrigation-wheat-main\auto-soil-irrigation-wheat-main\code\drought-soil-irrigation-wheat\src\models\../../data/weather/drought_irrigation.wth
2025-03-12 14:54:28.376 | INFO     | __main__:run_model:57 - 中间格式天气文件已保存到: D:\edge\core_code\core_code\auto-soil-irrigation-wheat-main\auto-soil-irrigation-wheat-main\code\drought-soil-irrigation-wheat\src\models\../../data/weather/drought_irrigation.wth
2025-03-12 14:54:28.461 | INFO     | __main__:run_model:62 - 修复后的天气文件已保存到: D:\edge\core_code\core_code\auto-soil-irrigation-wheat-main\auto-soil-irrigation-wheat-main\code\drought-soil-irrigation-wheat\src\models\../../data/weather/drought_irrigation_fixed.wth
2025-03-12 14:54:28.470 | ERROR    | __main__:run_model:93 - 运行FAO模型时出错: list index out of range
2025-03-12 14:56:12.743 | INFO     | __main__:run_model:39 - 参数文件已保存到: D:\edge\core_code\core_code\auto-soil-irrigation-wheat-main\auto-soil-irrigation-wheat-main\code\drought-soil-irrigation-wheat\src\models\../../data/model_output/wheat2024.par
2025-03-12 14:56:16.370 | INFO     | src.models.weather:customload:57 - 成功加载天气数据: 365行
2025-03-12 14:56:16.399 | INFO     | src.models.weather:savefile:183 - 天气数据已保存到: D:\edge\core_code\core_code\auto-soil-irrigation-wheat-main\auto-soil-irrigation-wheat-main\code\drought-soil-irrigation-wheat\src\models\../../data/weather/drought_irrigation.wth
2025-03-12 14:56:16.400 | INFO     | __main__:run_model:57 - 中间格式天气文件已保存到: D:\edge\core_code\core_code\auto-soil-irrigation-wheat-main\auto-soil-irrigation-wheat-main\code\drought-soil-irrigation-wheat\src\models\../../data/weather/drought_irrigation.wth
2025-03-12 14:56:16.499 | INFO     | __main__:run_model:62 - 修复后的天气文件已保存到: D:\edge\core_code\core_code\auto-soil-irrigation-wheat-main\auto-soil-irrigation-wheat-main\code\drought-soil-irrigation-wheat\src\models\../../data/weather/drought_irrigation_fixed.wth
2025-03-12 14:56:16.509 | ERROR    | __main__:run_model:93 - 运行FAO模型时出错: list index out of range
2025-03-12 14:59:11.506 | INFO     | __main__:run_model:39 - 参数文件已保存到: D:\edge\core_code\core_code\auto-soil-irrigation-wheat-main\auto-soil-irrigation-wheat-main\code\drought-soil-irrigation-wheat\src\models\../../data/model_output/wheat2024.par
2025-03-12 14:59:15.714 | INFO     | src.models.weather:customload:57 - 成功加载天气数据: 365行
2025-03-12 14:59:15.745 | INFO     | src.models.weather:savefile:183 - 天气数据已保存到: D:\edge\core_code\core_code\auto-soil-irrigation-wheat-main\auto-soil-irrigation-wheat-main\code\drought-soil-irrigation-wheat\src\models\../../data/weather/drought_irrigation.wth
2025-03-12 14:59:15.745 | INFO     | __main__:run_model:57 - 中间格式天气文件已保存到: D:\edge\core_code\core_code\auto-soil-irrigation-wheat-main\auto-soil-irrigation-wheat-main\code\drought-soil-irrigation-wheat\src\models\../../data/weather/drought_irrigation.wth
2025-03-12 14:59:15.836 | INFO     | __main__:run_model:62 - 修复后的天气文件已保存到: D:\edge\core_code\core_code\auto-soil-irrigation-wheat-main\auto-soil-irrigation-wheat-main\code\drought-soil-irrigation-wheat\src\models\../../data/weather/drought_irrigation_fixed.wth
2025-03-12 14:59:15.847 | ERROR    | __main__:run_model:93 - 运行FAO模型时出错: list index out of range
2025-03-12 15:00:56.174 | INFO     | __main__:run_model:39 - 参数文件已保存到: D:\edge\core_code\core_code\auto-soil-irrigation-wheat-main\auto-soil-irrigation-wheat-main\code\drought-soil-irrigation-wheat\src\models\../../data/model_output/wheat2024.par
2025-03-12 15:01:00.085 | INFO     | src.models.weather:customload:57 - 成功加载天气数据: 365行
2025-03-12 15:01:00.116 | INFO     | src.models.weather:savefile:183 - 天气数据已保存到: D:\edge\core_code\core_code\auto-soil-irrigation-wheat-main\auto-soil-irrigation-wheat-main\code\drought-soil-irrigation-wheat\src\models\../../data/weather/drought_irrigation.wth
2025-03-12 15:01:00.116 | INFO     | __main__:run_model:57 - 中间格式天气文件已保存到: D:\edge\core_code\core_code\auto-soil-irrigation-wheat-main\auto-soil-irrigation-wheat-main\code\drought-soil-irrigation-wheat\src\models\../../data/weather/drought_irrigation.wth
2025-03-12 15:01:00.209 | INFO     | __main__:run_model:62 - 修复后的天气文件已保存到: D:\edge\core_code\core_code\auto-soil-irrigation-wheat-main\auto-soil-irrigation-wheat-main\code\drought-soil-irrigation-wheat\src\models\../../data/weather/drought_irrigation_fixed.wth
2025-03-12 15:01:00.219 | ERROR    | __main__:run_model:93 - 运行FAO模型时出错: list index out of range
2025-03-12 15:03:15.656 | INFO     | __main__:run_model:39 - 参数文件已保存到: D:\edge\core_code\core_code\auto-soil-irrigation-wheat-main\auto-soil-irrigation-wheat-main\code\drought-soil-irrigation-wheat\src\models\../../data/model_output/wheat2024.par
2025-03-12 15:03:19.665 | INFO     | src.models.weather:customload:57 - 成功加载天气数据: 365行
2025-03-12 15:03:19.700 | INFO     | src.models.weather:savefile:183 - 天气数据已保存到: D:\edge\core_code\core_code\auto-soil-irrigation-wheat-main\auto-soil-irrigation-wheat-main\code\drought-soil-irrigation-wheat\src\models\../../data/weather/drought_irrigation.wth
2025-03-12 15:03:19.701 | INFO     | __main__:run_model:57 - 中间格式天气文件已保存到: D:\edge\core_code\core_code\auto-soil-irrigation-wheat-main\auto-soil-irrigation-wheat-main\code\drought-soil-irrigation-wheat\src\models\../../data/weather/drought_irrigation.wth
2025-03-12 15:03:19.828 | INFO     | __main__:run_model:62 - 修复后的天气文件已保存到: D:\edge\core_code\core_code\auto-soil-irrigation-wheat-main\auto-soil-irrigation-wheat-main\code\drought-soil-irrigation-wheat\src\models\../../data/weather/drought_irrigation_fixed.wth
2025-03-12 15:03:19.839 | ERROR    | __main__:run_model:93 - 运行FAO模型时出错: could not convert string to float: '100.0     # '
2025-03-12 15:04:10.545 | INFO     | __main__:run_model:39 - 参数文件已保存到: D:\edge\core_code\core_code\auto-soil-irrigation-wheat-main\auto-soil-irrigation-wheat-main\code\drought-soil-irrigation-wheat\src\models\../../data/model_output/wheat2024.par
2025-03-12 15:04:14.075 | INFO     | src.models.weather:customload:57 - 成功加载天气数据: 365行
2025-03-12 15:04:14.106 | INFO     | src.models.weather:savefile:183 - 天气数据已保存到: D:\edge\core_code\core_code\auto-soil-irrigation-wheat-main\auto-soil-irrigation-wheat-main\code\drought-soil-irrigation-wheat\src\models\../../data/weather/drought_irrigation.wth
2025-03-12 15:04:14.107 | INFO     | __main__:run_model:57 - 中间格式天气文件已保存到: D:\edge\core_code\core_code\auto-soil-irrigation-wheat-main\auto-soil-irrigation-wheat-main\code\drought-soil-irrigation-wheat\src\models\../../data/weather/drought_irrigation.wth
2025-03-12 15:04:14.205 | INFO     | __main__:run_model:62 - 修复后的天气文件已保存到: D:\edge\core_code\core_code\auto-soil-irrigation-wheat-main\auto-soil-irrigation-wheat-main\code\drought-soil-irrigation-wheat\src\models\../../data/weather/drought_irrigation_fixed.wth
2025-03-12 15:04:14.218 | INFO     | src.models.soil:customload:30 - 已加载土壤数据: 7行
2025-03-12 15:04:14.220 | INFO     | src.models.soil:savefile:58 - 土壤数据已保存到: D:\edge\core_code\core_code\auto-soil-irrigation-wheat-main\auto-soil-irrigation-wheat-main\code\drought-soil-irrigation-wheat\src\models\../../data/soil/drought_irrigation.sol
2025-03-12 15:04:14.221 | INFO     | __main__:run_model:74 - 土壤数据文件已保存到: D:\edge\core_code\core_code\auto-soil-irrigation-wheat-main\auto-soil-irrigation-wheat-main\code\drought-soil-irrigation-wheat\src\models\../../data/soil/drought_irrigation.sol
2025-03-12 15:04:14.222 | INFO     | __main__:run_model:77 - 开始运行FAO模型...
2025-03-12 15:04:14.229 | ERROR    | __main__:run_model:93 - 运行FAO模型时出错: '2024-214'
2025-03-12 15:07:55.659 | INFO     | __main__:run_model:39 - 参数文件已保存到: D:\edge\core_code\core_code\auto-soil-irrigation-wheat-main\auto-soil-irrigation-wheat-main\code\drought-soil-irrigation-wheat\src\models\../../data/model_output/wheat2024.par
2025-03-12 15:07:59.514 | INFO     | src.models.weather:customload:57 - 成功加载天气数据: 365行
2025-03-12 15:07:59.543 | INFO     | src.models.weather:savefile:183 - 天气数据已保存到: D:\edge\core_code\core_code\auto-soil-irrigation-wheat-main\auto-soil-irrigation-wheat-main\code\drought-soil-irrigation-wheat\src\models\../../data/weather/drought_irrigation.wth
2025-03-12 15:07:59.544 | INFO     | __main__:run_model:57 - 中间格式天气文件已保存到: D:\edge\core_code\core_code\auto-soil-irrigation-wheat-main\auto-soil-irrigation-wheat-main\code\drought-soil-irrigation-wheat\src\models\../../data/weather/drought_irrigation.wth
2025-03-12 15:07:59.633 | INFO     | __main__:run_model:62 - 修复后的天气文件已保存到: D:\edge\core_code\core_code\auto-soil-irrigation-wheat-main\auto-soil-irrigation-wheat-main\code\drought-soil-irrigation-wheat\src\models\../../data/weather/drought_irrigation_fixed.wth
2025-03-12 15:07:59.646 | INFO     | src.models.soil:customload:30 - 已加载土壤数据: 7行
2025-03-12 15:07:59.648 | INFO     | src.models.soil:savefile:58 - 土壤数据已保存到: D:\edge\core_code\core_code\auto-soil-irrigation-wheat-main\auto-soil-irrigation-wheat-main\code\drought-soil-irrigation-wheat\src\models\../../data/soil/drought_irrigation.sol
2025-03-12 15:07:59.649 | INFO     | __main__:run_model:74 - 土壤数据文件已保存到: D:\edge\core_code\core_code\auto-soil-irrigation-wheat-main\auto-soil-irrigation-wheat-main\code\drought-soil-irrigation-wheat\src\models\../../data/soil/drought_irrigation.sol
2025-03-12 15:07:59.650 | INFO     | __main__:run_model:77 - 开始运行FAO模型...
2025-03-12 15:07:59.657 | ERROR    | __main__:run_model:93 - 运行FAO模型时出错: '2024-214'
2025-03-12 15:08:18.346 | INFO     | __main__:run_model:39 - 参数文件已保存到: d:\edge\core_code\core_code\auto-soil-irrigation-wheat-main\auto-soil-irrigation-wheat-main\code\drought-soil-irrigation-wheat\src\models\../../data/model_output/wheat2024.par
2025-03-12 15:08:22.166 | INFO     | src.models.weather:customload:57 - 成功加载天气数据: 365行
2025-03-12 15:08:22.200 | INFO     | src.models.weather:savefile:183 - 天气数据已保存到: d:\edge\core_code\core_code\auto-soil-irrigation-wheat-main\auto-soil-irrigation-wheat-main\code\drought-soil-irrigation-wheat\src\models\../../data/weather/drought_irrigation.wth
2025-03-12 15:08:22.201 | INFO     | __main__:run_model:57 - 中间格式天气文件已保存到: d:\edge\core_code\core_code\auto-soil-irrigation-wheat-main\auto-soil-irrigation-wheat-main\code\drought-soil-irrigation-wheat\src\models\../../data/weather/drought_irrigation.wth
2025-03-12 15:08:22.526 | INFO     | __main__:run_model:62 - 修复后的天气文件已保存到: d:\edge\core_code\core_code\auto-soil-irrigation-wheat-main\auto-soil-irrigation-wheat-main\code\drought-soil-irrigation-wheat\src\models\../../data/weather/drought_irrigation_fixed.wth
2025-03-12 15:08:22.541 | INFO     | src.models.soil:customload:30 - 已加载土壤数据: 7行
2025-03-12 15:08:22.543 | INFO     | src.models.soil:savefile:58 - 土壤数据已保存到: d:\edge\core_code\core_code\auto-soil-irrigation-wheat-main\auto-soil-irrigation-wheat-main\code\drought-soil-irrigation-wheat\src\models\../../data/soil/drought_irrigation.sol
2025-03-12 15:08:22.544 | INFO     | __main__:run_model:74 - 土壤数据文件已保存到: d:\edge\core_code\core_code\auto-soil-irrigation-wheat-main\auto-soil-irrigation-wheat-main\code\drought-soil-irrigation-wheat\src\models\../../data/soil/drought_irrigation.sol
2025-03-12 15:08:22.545 | INFO     | __main__:run_model:77 - 开始运行FAO模型...
2025-03-12 15:08:22.554 | ERROR    | __main__:run_model:93 - 运行FAO模型时出错: '2024-214'
2025-03-12 15:09:09.222 | INFO     | __main__:run_model:39 - 参数文件已保存到: d:\edge\core_code\core_code\auto-soil-irrigation-wheat-main\auto-soil-irrigation-wheat-main\code\drought-soil-irrigation-wheat\src\models\../../data/model_output/wheat2024.par
2025-03-12 15:09:13.547 | INFO     | src.models.weather:customload:57 - 成功加载天气数据: 365行
2025-03-12 15:09:13.577 | INFO     | src.models.weather:savefile:183 - 天气数据已保存到: d:\edge\core_code\core_code\auto-soil-irrigation-wheat-main\auto-soil-irrigation-wheat-main\code\drought-soil-irrigation-wheat\src\models\../../data/weather/drought_irrigation.wth
2025-03-12 15:09:13.578 | INFO     | __main__:run_model:57 - 中间格式天气文件已保存到: d:\edge\core_code\core_code\auto-soil-irrigation-wheat-main\auto-soil-irrigation-wheat-main\code\drought-soil-irrigation-wheat\src\models\../../data/weather/drought_irrigation.wth
2025-03-12 15:09:13.889 | INFO     | __main__:run_model:62 - 修复后的天气文件已保存到: d:\edge\core_code\core_code\auto-soil-irrigation-wheat-main\auto-soil-irrigation-wheat-main\code\drought-soil-irrigation-wheat\src\models\../../data/weather/drought_irrigation_fixed.wth
2025-03-12 15:09:13.905 | INFO     | src.models.soil:customload:30 - 已加载土壤数据: 7行
2025-03-12 15:09:13.908 | INFO     | src.models.soil:savefile:58 - 土壤数据已保存到: d:\edge\core_code\core_code\auto-soil-irrigation-wheat-main\auto-soil-irrigation-wheat-main\code\drought-soil-irrigation-wheat\src\models\../../data/soil/drought_irrigation.sol
2025-03-12 15:09:13.910 | INFO     | __main__:run_model:74 - 土壤数据文件已保存到: d:\edge\core_code\core_code\auto-soil-irrigation-wheat-main\auto-soil-irrigation-wheat-main\code\drought-soil-irrigation-wheat\src\models\../../data/soil/drought_irrigation.sol
2025-03-12 15:09:13.911 | INFO     | __main__:run_model:77 - 开始运行FAO模型...
2025-03-12 15:09:13.923 | ERROR    | __main__:run_model:93 - 运行FAO模型时出错: '2024-214'
2025-03-12 15:12:10.573 | INFO     | __main__:run_model:39 - 参数文件已保存到: D:\edge\core_code\core_code\auto-soil-irrigation-wheat-main\auto-soil-irrigation-wheat-main\code\drought-soil-irrigation-wheat\src\models\../../data/model_output/wheat2024.par
2025-03-12 15:12:14.492 | INFO     | src.models.weather:customload:57 - 成功加载天气数据: 365行
2025-03-12 15:12:14.523 | INFO     | src.models.weather:savefile:183 - 天气数据已保存到: D:\edge\core_code\core_code\auto-soil-irrigation-wheat-main\auto-soil-irrigation-wheat-main\code\drought-soil-irrigation-wheat\src\models\../../data/weather/drought_irrigation.wth
2025-03-12 15:12:14.523 | INFO     | __main__:run_model:57 - 中间格式天气文件已保存到: D:\edge\core_code\core_code\auto-soil-irrigation-wheat-main\auto-soil-irrigation-wheat-main\code\drought-soil-irrigation-wheat\src\models\../../data/weather/drought_irrigation.wth
2025-03-12 15:12:14.548 | INFO     | __main__:run_model:62 - 修复后的天气文件已保存到: D:\edge\core_code\core_code\auto-soil-irrigation-wheat-main\auto-soil-irrigation-wheat-main\code\drought-soil-irrigation-wheat\src\models\../../data/weather/drought_irrigation_fixed.wth
2025-03-12 15:12:14.557 | ERROR    | __main__:run_model:93 - 运行FAO模型时出错: list index out of range
2025-03-12 15:13:16.983 | INFO     | __main__:run_model:39 - 参数文件已保存到: D:\edge\core_code\core_code\auto-soil-irrigation-wheat-main\auto-soil-irrigation-wheat-main\code\drought-soil-irrigation-wheat\src\models\../../data/model_output/wheat2024.par
2025-03-12 15:13:21.070 | INFO     | src.models.weather:customload:57 - 成功加载天气数据: 365行
2025-03-12 15:13:21.101 | INFO     | src.models.weather:savefile:183 - 天气数据已保存到: D:\edge\core_code\core_code\auto-soil-irrigation-wheat-main\auto-soil-irrigation-wheat-main\code\drought-soil-irrigation-wheat\src\models\../../data/weather/drought_irrigation.wth
2025-03-12 15:13:21.102 | INFO     | __main__:run_model:57 - 中间格式天气文件已保存到: D:\edge\core_code\core_code\auto-soil-irrigation-wheat-main\auto-soil-irrigation-wheat-main\code\drought-soil-irrigation-wheat\src\models\../../data/weather/drought_irrigation.wth
2025-03-12 15:13:21.127 | INFO     | __main__:run_model:62 - 修复后的天气文件已保存到: D:\edge\core_code\core_code\auto-soil-irrigation-wheat-main\auto-soil-irrigation-wheat-main\code\drought-soil-irrigation-wheat\src\models\../../data/weather/drought_irrigation_fixed.wth
2025-03-12 15:13:21.139 | ERROR    | __main__:run_model:93 - 运行FAO模型时出错: list index out of range
2025-03-12 15:14:03.744 | INFO     | __main__:run_model:39 - 参数文件已保存到: D:\edge\core_code\core_code\auto-soil-irrigation-wheat-main\auto-soil-irrigation-wheat-main\code\drought-soil-irrigation-wheat\src\models\../../data/model_output/wheat2024.par
2025-03-12 15:14:07.394 | INFO     | src.models.weather:customload:57 - 成功加载天气数据: 365行
2025-03-12 15:14:07.424 | INFO     | src.models.weather:savefile:183 - 天气数据已保存到: D:\edge\core_code\core_code\auto-soil-irrigation-wheat-main\auto-soil-irrigation-wheat-main\code\drought-soil-irrigation-wheat\src\models\../../data/weather/drought_irrigation.wth
2025-03-12 15:14:07.424 | INFO     | __main__:run_model:57 - 中间格式天气文件已保存到: D:\edge\core_code\core_code\auto-soil-irrigation-wheat-main\auto-soil-irrigation-wheat-main\code\drought-soil-irrigation-wheat\src\models\../../data/weather/drought_irrigation.wth
2025-03-12 15:14:07.434 | INFO     | __main__:run_model:62 - 修复后的天气文件已保存到: D:\edge\core_code\core_code\auto-soil-irrigation-wheat-main\auto-soil-irrigation-wheat-main\code\drought-soil-irrigation-wheat\src\models\../../data/weather/drought_irrigation_fixed.wth
2025-03-12 15:14:07.445 | ERROR    | __main__:run_model:93 - 运行FAO模型时出错: list index out of range
2025-03-12 15:15:53.915 | INFO     | __main__:run_model:39 - 参数文件已保存到: D:\edge\core_code\core_code\auto-soil-irrigation-wheat-main\auto-soil-irrigation-wheat-main\code\drought-soil-irrigation-wheat\src\models\../../data/model_output/wheat2024.par
2025-03-12 15:15:57.991 | INFO     | src.models.weather:customload:57 - 成功加载天气数据: 365行
2025-03-12 15:15:58.020 | INFO     | src.models.weather:savefile:183 - 天气数据已保存到: D:\edge\core_code\core_code\auto-soil-irrigation-wheat-main\auto-soil-irrigation-wheat-main\code\drought-soil-irrigation-wheat\src\models\../../data/weather/drought_irrigation.wth
2025-03-12 15:15:58.021 | INFO     | __main__:run_model:57 - 中间格式天气文件已保存到: D:\edge\core_code\core_code\auto-soil-irrigation-wheat-main\auto-soil-irrigation-wheat-main\code\drought-soil-irrigation-wheat\src\models\../../data/weather/drought_irrigation.wth
2025-03-12 15:15:58.046 | INFO     | __main__:run_model:62 - 修复后的天气文件已保存到: D:\edge\core_code\core_code\auto-soil-irrigation-wheat-main\auto-soil-irrigation-wheat-main\code\drought-soil-irrigation-wheat\src\models\../../data/weather/drought_irrigation_fixed.wth
2025-03-12 15:15:58.056 | ERROR    | __main__:run_model:93 - 运行FAO模型时出错: could not convert string to float: '100.0      #'
2025-03-12 15:17:14.634 | INFO     | __main__:run_model:39 - 参数文件已保存到: D:\edge\core_code\core_code\auto-soil-irrigation-wheat-main\auto-soil-irrigation-wheat-main\code\drought-soil-irrigation-wheat\src\models\../../data/model_output/wheat2024.par
2025-03-12 15:17:18.540 | INFO     | src.models.weather:customload:57 - 成功加载天气数据: 365行
2025-03-12 15:17:18.573 | INFO     | src.models.weather:savefile:183 - 天气数据已保存到: D:\edge\core_code\core_code\auto-soil-irrigation-wheat-main\auto-soil-irrigation-wheat-main\code\drought-soil-irrigation-wheat\src\models\../../data/weather/drought_irrigation.wth
2025-03-12 15:17:18.574 | INFO     | __main__:run_model:57 - 中间格式天气文件已保存到: D:\edge\core_code\core_code\auto-soil-irrigation-wheat-main\auto-soil-irrigation-wheat-main\code\drought-soil-irrigation-wheat\src\models\../../data/weather/drought_irrigation.wth
2025-03-12 15:17:18.601 | INFO     | __main__:run_model:62 - 修复后的天气文件已保存到: D:\edge\core_code\core_code\auto-soil-irrigation-wheat-main\auto-soil-irrigation-wheat-main\code\drought-soil-irrigation-wheat\src\models\../../data/weather/drought_irrigation_fixed.wth
2025-03-12 15:17:18.616 | INFO     | src.models.soil:customload:30 - 已加载土壤数据: 7行
2025-03-12 15:17:18.617 | INFO     | src.models.soil:savefile:58 - 土壤数据已保存到: D:\edge\core_code\core_code\auto-soil-irrigation-wheat-main\auto-soil-irrigation-wheat-main\code\drought-soil-irrigation-wheat\src\models\../../data/soil/drought_irrigation.sol
2025-03-12 15:17:18.618 | INFO     | __main__:run_model:74 - 土壤数据文件已保存到: D:\edge\core_code\core_code\auto-soil-irrigation-wheat-main\auto-soil-irrigation-wheat-main\code\drought-soil-irrigation-wheat\src\models\../../data/soil/drought_irrigation.sol
2025-03-12 15:17:18.619 | INFO     | __main__:run_model:77 - 开始运行FAO模型...
2025-03-12 15:17:18.627 | ERROR    | __main__:run_model:93 - 运行FAO模型时出错: '2024-214'
2025-03-12 15:18:36.492 | INFO     | __main__:run_model:39 - 参数文件已保存到: D:\edge\core_code\core_code\auto-soil-irrigation-wheat-main\auto-soil-irrigation-wheat-main\code\drought-soil-irrigation-wheat\src\models\../../data/model_output/wheat2024.par
2025-03-12 15:18:40.556 | INFO     | src.models.weather:customload:57 - 成功加载天气数据: 365行
2025-03-12 15:18:40.584 | INFO     | src.models.weather:savefile:183 - 天气数据已保存到: D:\edge\core_code\core_code\auto-soil-irrigation-wheat-main\auto-soil-irrigation-wheat-main\code\drought-soil-irrigation-wheat\src\models\../../data/weather/drought_irrigation.wth
2025-03-12 15:18:40.584 | INFO     | __main__:run_model:57 - 中间格式天气文件已保存到: D:\edge\core_code\core_code\auto-soil-irrigation-wheat-main\auto-soil-irrigation-wheat-main\code\drought-soil-irrigation-wheat\src\models\../../data/weather/drought_irrigation.wth
2025-03-12 15:18:40.608 | INFO     | __main__:run_model:62 - 修复后的天气文件已保存到: D:\edge\core_code\core_code\auto-soil-irrigation-wheat-main\auto-soil-irrigation-wheat-main\code\drought-soil-irrigation-wheat\src\models\../../data/weather/drought_irrigation_fixed.wth
2025-03-12 15:18:40.620 | INFO     | src.models.soil:customload:30 - 已加载土壤数据: 7行
2025-03-12 15:18:40.622 | INFO     | src.models.soil:savefile:58 - 土壤数据已保存到: D:\edge\core_code\core_code\auto-soil-irrigation-wheat-main\auto-soil-irrigation-wheat-main\code\drought-soil-irrigation-wheat\src\models\../../data/soil/drought_irrigation.sol
2025-03-12 15:18:40.623 | INFO     | __main__:run_model:74 - 土壤数据文件已保存到: D:\edge\core_code\core_code\auto-soil-irrigation-wheat-main\auto-soil-irrigation-wheat-main\code\drought-soil-irrigation-wheat\src\models\../../data/soil/drought_irrigation.sol
2025-03-12 15:18:40.623 | INFO     | __main__:run_model:77 - 开始运行FAO模型...
2025-03-12 15:18:40.632 | ERROR    | __main__:run_model:93 - 运行FAO模型时出错: '2024-214'
2025-03-12 15:19:57.062 | INFO     | __main__:run_model:39 - 参数文件已保存到: D:\edge\core_code\core_code\auto-soil-irrigation-wheat-main\auto-soil-irrigation-wheat-main\code\drought-soil-irrigation-wheat\src\models\../../data/model_output/wheat2024.par
2025-03-12 15:20:01.134 | INFO     | src.models.weather:customload:57 - 成功加载天气数据: 365行
2025-03-12 15:20:01.163 | INFO     | src.models.weather:savefile:183 - 天气数据已保存到: D:\edge\core_code\core_code\auto-soil-irrigation-wheat-main\auto-soil-irrigation-wheat-main\code\drought-soil-irrigation-wheat\src\models\../../data/weather/drought_irrigation.wth
2025-03-12 15:20:01.163 | INFO     | __main__:run_model:57 - 中间格式天气文件已保存到: D:\edge\core_code\core_code\auto-soil-irrigation-wheat-main\auto-soil-irrigation-wheat-main\code\drought-soil-irrigation-wheat\src\models\../../data/weather/drought_irrigation.wth
2025-03-12 15:20:01.174 | INFO     | __main__:run_model:62 - 修复后的天气文件已保存到: D:\edge\core_code\core_code\auto-soil-irrigation-wheat-main\auto-soil-irrigation-wheat-main\code\drought-soil-irrigation-wheat\src\models\../../data/weather/drought_irrigation_fixed.wth
2025-03-12 15:20:01.188 | ERROR    | __main__:run_model:93 - 运行FAO模型时出错: invalid literal for int() with base 10: 'Date'
2025-03-12 15:21:08.517 | INFO     | __main__:run_model:39 - 参数文件已保存到: D:\edge\core_code\core_code\auto-soil-irrigation-wheat-main\auto-soil-irrigation-wheat-main\code\drought-soil-irrigation-wheat\src\models\../../data/model_output/wheat2024.par
2025-03-12 15:21:12.371 | INFO     | src.models.weather:customload:57 - 成功加载天气数据: 365行
2025-03-12 15:21:12.401 | INFO     | src.models.weather:savefile:183 - 天气数据已保存到: D:\edge\core_code\core_code\auto-soil-irrigation-wheat-main\auto-soil-irrigation-wheat-main\code\drought-soil-irrigation-wheat\src\models\../../data/weather/drought_irrigation.wth
2025-03-12 15:21:12.402 | INFO     | __main__:run_model:57 - 中间格式天气文件已保存到: D:\edge\core_code\core_code\auto-soil-irrigation-wheat-main\auto-soil-irrigation-wheat-main\code\drought-soil-irrigation-wheat\src\models\../../data/weather/drought_irrigation.wth
2025-03-12 15:21:12.411 | INFO     | __main__:run_model:62 - 修复后的天气文件已保存到: D:\edge\core_code\core_code\auto-soil-irrigation-wheat-main\auto-soil-irrigation-wheat-main\code\drought-soil-irrigation-wheat\src\models\../../data/weather/drought_irrigation_fixed.wth
2025-03-12 15:21:12.425 | ERROR    | __main__:run_model:93 - 运行FAO模型时出错: invalid literal for int() with base 10: 'MJ/m'
2025-03-12 15:22:20.212 | INFO     | __main__:run_model:39 - 参数文件已保存到: D:\edge\core_code\core_code\auto-soil-irrigation-wheat-main\auto-soil-irrigation-wheat-main\code\drought-soil-irrigation-wheat\src\models\../../data/model_output/wheat2024.par
2025-03-12 15:22:23.853 | INFO     | src.models.weather:customload:57 - 成功加载天气数据: 365行
2025-03-12 15:22:23.883 | INFO     | src.models.weather:savefile:183 - 天气数据已保存到: D:\edge\core_code\core_code\auto-soil-irrigation-wheat-main\auto-soil-irrigation-wheat-main\code\drought-soil-irrigation-wheat\src\models\../../data/weather/drought_irrigation.wth
2025-03-12 15:22:23.883 | INFO     | __main__:run_model:57 - 中间格式天气文件已保存到: D:\edge\core_code\core_code\auto-soil-irrigation-wheat-main\auto-soil-irrigation-wheat-main\code\drought-soil-irrigation-wheat\src\models\../../data/weather/drought_irrigation.wth
2025-03-12 15:22:23.897 | INFO     | __main__:run_model:62 - 修复后的天气文件已保存到: D:\edge\core_code\core_code\auto-soil-irrigation-wheat-main\auto-soil-irrigation-wheat-main\code\drought-soil-irrigation-wheat\src\models\../../data/weather/drought_irrigation_fixed.wth
2025-03-12 15:22:23.912 | ERROR    | __main__:run_model:93 - 运行FAO模型时出错: could not convert string to float: 'M'
2025-03-12 15:23:37.038 | INFO     | __main__:run_model:39 - 参数文件已保存到: D:\edge\core_code\core_code\auto-soil-irrigation-wheat-main\auto-soil-irrigation-wheat-main\code\drought-soil-irrigation-wheat\src\models\../../data/model_output/wheat2024.par
2025-03-12 15:23:41.190 | INFO     | src.models.weather:customload:57 - 成功加载天气数据: 365行
2025-03-12 15:23:41.219 | INFO     | src.models.weather:savefile:183 - 天气数据已保存到: D:\edge\core_code\core_code\auto-soil-irrigation-wheat-main\auto-soil-irrigation-wheat-main\code\drought-soil-irrigation-wheat\src\models\../../data/weather/drought_irrigation.wth
2025-03-12 15:23:41.220 | INFO     | __main__:run_model:57 - 中间格式天气文件已保存到: D:\edge\core_code\core_code\auto-soil-irrigation-wheat-main\auto-soil-irrigation-wheat-main\code\drought-soil-irrigation-wheat\src\models\../../data/weather/drought_irrigation.wth
2025-03-12 15:23:41.237 | INFO     | __main__:run_model:62 - 修复后的天气文件已保存到: D:\edge\core_code\core_code\auto-soil-irrigation-wheat-main\auto-soil-irrigation-wheat-main\code\drought-soil-irrigation-wheat\src\models\../../data/weather/drought_irrigation_fixed.wth
2025-03-12 15:23:41.560 | INFO     | src.models.soil:customload:30 - 已加载土壤数据: 7行
2025-03-12 15:23:41.561 | INFO     | src.models.soil:savefile:58 - 土壤数据已保存到: D:\edge\core_code\core_code\auto-soil-irrigation-wheat-main\auto-soil-irrigation-wheat-main\code\drought-soil-irrigation-wheat\src\models\../../data/soil/drought_irrigation.sol
2025-03-12 15:23:41.561 | INFO     | __main__:run_model:74 - 土壤数据文件已保存到: D:\edge\core_code\core_code\auto-soil-irrigation-wheat-main\auto-soil-irrigation-wheat-main\code\drought-soil-irrigation-wheat\src\models\../../data/soil/drought_irrigation.sol
2025-03-12 15:23:41.562 | INFO     | __main__:run_model:77 - 开始运行FAO模型...
2025-03-12 15:23:43.188 | INFO     | __main__:run_model:88 - FAO模型运行完成，耗时: 6.15秒
2025-03-12 15:23:43.188 | INFO     | __main__:run_model:89 - 模型输出已保存到: D:\edge\core_code\core_code\auto-soil-irrigation-wheat-main\auto-soil-irrigation-wheat-main\code\drought-soil-irrigation-wheat\src\models\../../data/model_output/wheat2024.out
2025-03-12 15:23:43.189 | INFO     | __main__:run_model:90 - 模型摘要已保存到: D:\edge\core_code\core_code\auto-soil-irrigation-wheat-main\auto-soil-irrigation-wheat-main\code\drought-soil-irrigation-wheat\src\models\../../data/model_output/wheat2024.sum
2025-03-12 17:37:44.588 | INFO     | __main__:run_model:39 - 参数文件已保存到: d:\edge\core_code\core_code\auto-soil-irrigation-wheat-main\auto-soil-irrigation-wheat-main\code\drought-soil-irrigation-wheat\src\models\../../data/model_output/wheat2024.par
2025-03-12 17:37:48.984 | INFO     | src.models.weather:customload:57 - 成功加载天气数据: 365行
2025-03-12 17:37:49.014 | INFO     | src.models.weather:savefile:183 - 天气数据已保存到: d:\edge\core_code\core_code\auto-soil-irrigation-wheat-main\auto-soil-irrigation-wheat-main\code\drought-soil-irrigation-wheat\src\models\../../data/weather/drought_irrigation.wth
2025-03-12 17:37:49.015 | INFO     | __main__:run_model:57 - 中间格式天气文件已保存到: d:\edge\core_code\core_code\auto-soil-irrigation-wheat-main\auto-soil-irrigation-wheat-main\code\drought-soil-irrigation-wheat\src\models\../../data/weather/drought_irrigation.wth
2025-03-12 17:37:49.032 | INFO     | __main__:run_model:62 - 修复后的天气文件已保存到: d:\edge\core_code\core_code\auto-soil-irrigation-wheat-main\auto-soil-irrigation-wheat-main\code\drought-soil-irrigation-wheat\src\models\../../data/weather/drought_irrigation_fixed.wth
2025-03-12 17:37:49.349 | INFO     | src.models.soil:customload:30 - 已加载土壤数据: 7行
2025-03-12 17:37:49.351 | INFO     | src.models.soil:savefile:58 - 土壤数据已保存到: d:\edge\core_code\core_code\auto-soil-irrigation-wheat-main\auto-soil-irrigation-wheat-main\code\drought-soil-irrigation-wheat\src\models\../../data/soil/drought_irrigation.sol
2025-03-12 17:37:49.351 | INFO     | __main__:run_model:74 - 土壤数据文件已保存到: d:\edge\core_code\core_code\auto-soil-irrigation-wheat-main\auto-soil-irrigation-wheat-main\code\drought-soil-irrigation-wheat\src\models\../../data/soil/drought_irrigation.sol
2025-03-12 17:37:49.353 | INFO     | __main__:run_model:77 - 开始运行FAO模型...
2025-03-12 17:37:50.956 | INFO     | __main__:run_model:88 - FAO模型运行完成，耗时: 6.37秒
2025-03-12 17:37:50.957 | INFO     | __main__:run_model:89 - 模型输出已保存到: d:\edge\core_code\core_code\auto-soil-irrigation-wheat-main\auto-soil-irrigation-wheat-main\code\drought-soil-irrigation-wheat\src\models\../../data/model_output/wheat2024.out
2025-03-12 17:37:50.958 | INFO     | __main__:run_model:90 - 模型摘要已保存到: d:\edge\core_code\core_code\auto-soil-irrigation-wheat-main\auto-soil-irrigation-wheat-main\code\drought-soil-irrigation-wheat\src\models\../../data/model_output/wheat2024.sum
2025-03-13 10:26:04.995 | INFO     | __main__:run_model:39 - 参数文件已保存到: d:\edge\core_code\core_code\auto-soil-irrigation-wheat-main\auto-soil-irrigation-wheat-main\code\drought-soil-irrigation-wheat\src\models\../../data/model_output/wheat2024.par
2025-03-13 10:26:10.311 | INFO     | src.models.weather:customload:57 - 成功加载天气数据: 365行
2025-03-13 10:26:10.347 | INFO     | src.models.weather:savefile:183 - 天气数据已保存到: d:\edge\core_code\core_code\auto-soil-irrigation-wheat-main\auto-soil-irrigation-wheat-main\code\drought-soil-irrigation-wheat\src\models\../../data/weather/drought_irrigation.wth
2025-03-13 10:26:10.348 | INFO     | __main__:run_model:57 - 中间格式天气文件已保存到: d:\edge\core_code\core_code\auto-soil-irrigation-wheat-main\auto-soil-irrigation-wheat-main\code\drought-soil-irrigation-wheat\src\models\../../data/weather/drought_irrigation.wth
2025-03-13 10:26:10.364 | INFO     | __main__:run_model:62 - 修复后的天气文件已保存到: d:\edge\core_code\core_code\auto-soil-irrigation-wheat-main\auto-soil-irrigation-wheat-main\code\drought-soil-irrigation-wheat\src\models\../../data/weather/drought_irrigation_fixed.wth
2025-03-13 10:26:10.688 | INFO     | src.models.soil:customload:30 - 已加载土壤数据: 7行
2025-03-13 10:26:10.691 | INFO     | src.models.soil:savefile:58 - 土壤数据已保存到: d:\edge\core_code\core_code\auto-soil-irrigation-wheat-main\auto-soil-irrigation-wheat-main\code\drought-soil-irrigation-wheat\src\models\../../data/soil/drought_irrigation.sol
2025-03-13 10:26:10.692 | INFO     | __main__:run_model:74 - 土壤数据文件已保存到: d:\edge\core_code\core_code\auto-soil-irrigation-wheat-main\auto-soil-irrigation-wheat-main\code\drought-soil-irrigation-wheat\src\models\../../data/soil/drought_irrigation.sol
2025-03-13 10:26:10.693 | INFO     | __main__:run_model:77 - 开始运行FAO模型...
2025-03-13 10:26:12.295 | INFO     | __main__:run_model:88 - FAO模型运行完成，耗时: 7.30秒
2025-03-13 10:26:12.296 | INFO     | __main__:run_model:89 - 模型输出已保存到: d:\edge\core_code\core_code\auto-soil-irrigation-wheat-main\auto-soil-irrigation-wheat-main\code\drought-soil-irrigation-wheat\src\models\../../data/model_output/wheat2024.out
2025-03-13 10:26:12.297 | INFO     | __main__:run_model:90 - 模型摘要已保存到: d:\edge\core_code\core_code\auto-soil-irrigation-wheat-main\auto-soil-irrigation-wheat-main\code\drought-soil-irrigation-wheat\src\models\../../data/model_output/wheat2024.sum
2025-03-13 10:59:08.024 | INFO     | __main__:run_model:39 - 参数文件已保存到: d:\edge\core_code\core_code\auto-soil-irrigation-wheat-main\auto-soil-irrigation-wheat-main\code\drought-soil-irrigation-wheat\src\models\../../data/model_output/wheat2024.par
2025-03-13 10:59:11.773 | INFO     | src.models.weather:customload:57 - 成功加载天气数据: 365行
2025-03-13 10:59:11.805 | INFO     | src.models.weather:savefile:183 - 天气数据已保存到: d:\edge\core_code\core_code\auto-soil-irrigation-wheat-main\auto-soil-irrigation-wheat-main\code\drought-soil-irrigation-wheat\src\models\../../data/weather/drought_irrigation.wth
2025-03-13 10:59:11.806 | INFO     | __main__:run_model:57 - 中间格式天气文件已保存到: d:\edge\core_code\core_code\auto-soil-irrigation-wheat-main\auto-soil-irrigation-wheat-main\code\drought-soil-irrigation-wheat\src\models\../../data/weather/drought_irrigation.wth
2025-03-13 10:59:11.823 | INFO     | __main__:run_model:62 - 修复后的天气文件已保存到: d:\edge\core_code\core_code\auto-soil-irrigation-wheat-main\auto-soil-irrigation-wheat-main\code\drought-soil-irrigation-wheat\src\models\../../data/weather/drought_irrigation_fixed.wth
2025-03-13 10:59:12.136 | INFO     | src.models.soil:customload:30 - 已加载土壤数据: 7行
2025-03-13 10:59:12.138 | INFO     | src.models.soil:savefile:58 - 土壤数据已保存到: d:\edge\core_code\core_code\auto-soil-irrigation-wheat-main\auto-soil-irrigation-wheat-main\code\drought-soil-irrigation-wheat\src\models\../../data/soil/drought_irrigation.sol
2025-03-13 10:59:12.140 | INFO     | __main__:run_model:74 - 土壤数据文件已保存到: d:\edge\core_code\core_code\auto-soil-irrigation-wheat-main\auto-soil-irrigation-wheat-main\code\drought-soil-irrigation-wheat\src\models\../../data/soil/drought_irrigation.sol
2025-03-13 10:59:12.141 | INFO     | __main__:run_model:77 - 开始运行FAO模型...
2025-03-13 10:59:13.797 | INFO     | __main__:run_model:88 - FAO模型运行完成，耗时: 5.77秒
2025-03-13 10:59:13.798 | INFO     | __main__:run_model:89 - 模型输出已保存到: d:\edge\core_code\core_code\auto-soil-irrigation-wheat-main\auto-soil-irrigation-wheat-main\code\drought-soil-irrigation-wheat\src\models\../../data/model_output/wheat2024.out
2025-03-13 10:59:13.799 | INFO     | __main__:run_model:90 - 模型摘要已保存到: d:\edge\core_code\core_code\auto-soil-irrigation-wheat-main\auto-soil-irrigation-wheat-main\code\drought-soil-irrigation-wheat\src\models\../../data/model_output/wheat2024.sum
2025-03-13 15:35:10.574 | ERROR    | __main__:save_extremum_humidity_data:48 - 获取土壤湿度极值数据失败: 'msgTimeStr'
2025-03-13 15:35:10.575 | ERROR    | __main__:get_current_data:87 - 获取传感器数据失败: 'msgTimeStr'
2025-03-13 15:37:50.145 | ERROR    | __main__:save_extremum_humidity_data:48 - 获取土壤湿度极值数据失败: 'msgTimeStr'
2025-03-13 15:37:50.146 | ERROR    | __main__:get_current_data:87 - 获取传感器数据失败: 'msgTimeStr'
2025-03-13 15:42:19.396 | ERROR    | __main__:save_extremum_humidity_data:48 - 获取土壤湿度极值数据失败: 'msgTimeStr'
2025-03-13 15:42:19.397 | ERROR    | __main__:get_current_data:87 - 获取传感器数据失败: 'msgTimeStr'
2025-03-13 15:44:33.283 | ERROR    | __main__:save_extremum_humidity_data:42 - msgTimeStr 字段不存在
2025-03-13 15:44:33.284 | ERROR    | __main__:save_extremum_humidity_data:54 - 获取土壤湿度极值数据失败: msgTimeStr 字段不存在
2025-03-13 15:44:33.285 | ERROR    | __main__:get_current_data:92 - 获取传感器数据失败: msgTimeStr 字段不存在
2025-03-13 16:00:47.360 | INFO     | __main__:save_extremum_humidity_data:43 - 获取土壤湿度极值数据: max=31.843866666666667, min=16.490066666666667
2025-03-13 16:00:47.602 | INFO     | __main__:save_real_humidity_data:62 - 获取实时土壤湿度数据: 33.71
2025-03-13 16:03:50.930 | INFO     | __main__:save_extremum_humidity_data:43 - 获取土壤湿度极值数据: max=31.84, min=16.49
2025-03-13 16:03:51.106 | INFO     | __main__:save_real_humidity_data:62 - 获取实时土壤湿度数据: 33.71
2025-03-14 13:49:26.940 | INFO     | __main__:save_extremum_humidity_data:43 - 获取土壤湿度极值数据: max=31.84, min=16.49
2025-03-14 13:49:27.131 | INFO     | __main__:save_real_humidity_data:62 - 获取实时土壤湿度数据: 33.62
2025-03-14 14:26:04.036 | INFO     | __main__:calculate_soil_humidity_differences:50 - 土壤湿度计算结果: FC=106.50, PWP=45.60
2025-03-14 14:26:04.039 | INFO     | src.models.fao_model:run_model:39 - 参数文件已保存到: d:\edge\core_code\core_code\auto-soil-irrigation-wheat-main\auto-soil-irrigation-wheat-main\code\drought-soil-irrigation-wheat\src\models\../../data/model_output/wheat2024.par
2025-03-14 14:26:08.841 | INFO     | src.models.weather:customload:57 - 成功加载天气数据: 365行
2025-03-14 14:26:08.874 | INFO     | src.models.weather:savefile:183 - 天气数据已保存到: d:\edge\core_code\core_code\auto-soil-irrigation-wheat-main\auto-soil-irrigation-wheat-main\code\drought-soil-irrigation-wheat\src\models\../../data/weather/drought_irrigation.wth
2025-03-14 14:26:08.875 | INFO     | src.models.fao_model:run_model:57 - 中间格式天气文件已保存到: d:\edge\core_code\core_code\auto-soil-irrigation-wheat-main\auto-soil-irrigation-wheat-main\code\drought-soil-irrigation-wheat\src\models\../../data/weather/drought_irrigation.wth
2025-03-14 14:26:08.893 | INFO     | src.models.fao_model:run_model:62 - 修复后的天气文件已保存到: d:\edge\core_code\core_code\auto-soil-irrigation-wheat-main\auto-soil-irrigation-wheat-main\code\drought-soil-irrigation-wheat\src\models\../../data/weather/drought_irrigation_fixed.wth
2025-03-14 14:26:09.231 | INFO     | src.models.soil:customload:30 - 已加载土壤数据: 7行
2025-03-14 14:26:09.233 | INFO     | src.models.soil:savefile:58 - 土壤数据已保存到: d:\edge\core_code\core_code\auto-soil-irrigation-wheat-main\auto-soil-irrigation-wheat-main\code\drought-soil-irrigation-wheat\src\models\../../data/soil/drought_irrigation.sol
2025-03-14 14:26:09.234 | INFO     | src.models.fao_model:run_model:74 - 土壤数据文件已保存到: d:\edge\core_code\core_code\auto-soil-irrigation-wheat-main\auto-soil-irrigation-wheat-main\code\drought-soil-irrigation-wheat\src\models\../../data/soil/drought_irrigation.sol
2025-03-14 14:26:09.235 | INFO     | src.models.fao_model:run_model:77 - 开始运行FAO模型...
2025-03-14 14:26:10.944 | INFO     | src.models.fao_model:run_model:88 - FAO模型运行完成，耗时: 6.91秒
2025-03-14 14:26:10.944 | INFO     | src.models.fao_model:run_model:89 - 模型输出已保存到: d:\edge\core_code\core_code\auto-soil-irrigation-wheat-main\auto-soil-irrigation-wheat-main\code\drought-soil-irrigation-wheat\src\models\../../data/model_output/wheat2024.out
2025-03-14 14:26:10.945 | INFO     | src.models.fao_model:run_model:90 - 模型摘要已保存到: d:\edge\core_code\core_code\auto-soil-irrigation-wheat-main\auto-soil-irrigation-wheat-main\code\drought-soil-irrigation-wheat\src\models\../../data/model_output/wheat2024.sum
2025-03-14 14:26:10.970 | ERROR    | __main__:get_irrigation_decision:128 - 获取灌溉决策时出错: 'ETcadj'
2025-03-14 14:26:10.971 | ERROR    | __main__:make_irrigation_decision:175 - 生成灌溉决策时出错: 'ETcadj'
2025-03-14 15:09:23.547 | INFO     | __main__:calculate_soil_humidity_differences:50 - 土壤湿度计算结果: FC=106.50, PWP=45.60
2025-03-14 15:09:23.549 | INFO     | src.models.fao_model:run_model:39 - 参数文件已保存到: d:\edge\core_code\core_code\auto-soil-irrigation-wheat-main\auto-soil-irrigation-wheat-main\code\drought-soil-irrigation-wheat\src\models\../../data/model_output/wheat2024.par
2025-03-14 15:09:27.774 | INFO     | src.models.weather:customload:57 - 成功加载天气数据: 365行
2025-03-14 15:09:27.806 | INFO     | src.models.weather:savefile:183 - 天气数据已保存到: d:\edge\core_code\core_code\auto-soil-irrigation-wheat-main\auto-soil-irrigation-wheat-main\code\drought-soil-irrigation-wheat\src\models\../../data/weather/drought_irrigation.wth
2025-03-14 15:09:27.807 | INFO     | src.models.fao_model:run_model:57 - 中间格式天气文件已保存到: d:\edge\core_code\core_code\auto-soil-irrigation-wheat-main\auto-soil-irrigation-wheat-main\code\drought-soil-irrigation-wheat\src\models\../../data/weather/drought_irrigation.wth
2025-03-14 15:09:27.823 | INFO     | src.models.fao_model:run_model:62 - 修复后的天气文件已保存到: d:\edge\core_code\core_code\auto-soil-irrigation-wheat-main\auto-soil-irrigation-wheat-main\code\drought-soil-irrigation-wheat\src\models\../../data/weather/drought_irrigation_fixed.wth
2025-03-14 15:09:28.144 | INFO     | src.models.soil:customload:30 - 已加载土壤数据: 7行
2025-03-14 15:09:28.146 | INFO     | src.models.soil:savefile:58 - 土壤数据已保存到: d:\edge\core_code\core_code\auto-soil-irrigation-wheat-main\auto-soil-irrigation-wheat-main\code\drought-soil-irrigation-wheat\src\models\../../data/soil/drought_irrigation.sol
2025-03-14 15:09:28.147 | INFO     | src.models.fao_model:run_model:74 - 土壤数据文件已保存到: d:\edge\core_code\core_code\auto-soil-irrigation-wheat-main\auto-soil-irrigation-wheat-main\code\drought-soil-irrigation-wheat\src\models\../../data/soil/drought_irrigation.sol
2025-03-14 15:09:28.148 | INFO     | src.models.fao_model:run_model:77 - 开始运行FAO模型...
2025-03-14 15:09:29.805 | INFO     | src.models.fao_model:run_model:88 - FAO模型运行完成，耗时: 6.26秒
2025-03-14 15:09:29.806 | INFO     | src.models.fao_model:run_model:89 - 模型输出已保存到: d:\edge\core_code\core_code\auto-soil-irrigation-wheat-main\auto-soil-irrigation-wheat-main\code\drought-soil-irrigation-wheat\src\models\../../data/model_output/wheat2024.out
2025-03-14 15:09:29.807 | INFO     | src.models.fao_model:run_model:90 - 模型摘要已保存到: d:\edge\core_code\core_code\auto-soil-irrigation-wheat-main\auto-soil-irrigation-wheat-main\code\drought-soil-irrigation-wheat\src\models\../../data/model_output/wheat2024.sum
